<?xml version="1.0" encoding="UTF-8"?>
<TestRun id="89f8db50-9b15-4305-9c16-7472b685e26e" name="vplechuc@EXOI7 2016-01-04 16:20:00" runUser="ExoI7\vplechuc" xmlns="http://microsoft.com/schemas/VisualStudio/TeamTest/2010">
  <TestSettings name="Default Test Settings" id="03a727fc-89ee-4ddd-9283-c4d88598da3d">
    <Deployment userDeploymentRoot="C:\dev\repos\VersionOne.TeamSync" useDefaultDeploymentRoot="false" runDeploymentRoot="vplechuc_EXOI7 2016-01-04 16_20_00" />
    <Execution>
      <TestTypeSpecific />
      <AgentRule name="Execution Agents">
      </AgentRule>
    </Execution>
    <Properties />
  </TestSettings>
  <Times creation="2016-01-04T16:20:00.0963577-03:00" queuing="2016-01-04T16:20:01.2904260-03:00" start="2016-01-04T16:20:01.3904317-03:00" finish="2016-01-04T16:20:04.6326172-03:00" />
  <ResultSummary outcome="Completed">
    <Counters total="240" executed="240" passed="240" error="0" failed="0" timeout="0" aborted="0" inconclusive="0" passedButRunAborted="0" notRunnable="0" notExecuted="0" disconnected="0" warning="0" completed="0" inProgress="0" pending="0" />
  </ResultSummary>
  <TestDefinitions>
    <UnitTest name="makes_a_call_add_a_link_back_to_jira" storage="c:\dev\repos\versionone.teamsync\versionone.teamsync.core.tests\bin\release\versionone.teamsync.core.tests.dll" id="7c45da67-691d-5bd4-21b6-f709a5c0841a">
      <Execution id="d3c63ee6-a96e-41e2-bd7a-27d093878793" />
      <TestMethod codeBase="C:/dev/repos/VersionOne.TeamSync/VersionOne.TeamSync.Core.Tests/bin/Release/VersionOne.TeamSync.Core.Tests.DLL" adapterTypeName="Microsoft.VisualStudio.TestTools.TestTypes.Unit.UnitTestAdapter, Microsoft.VisualStudio.QualityTools.Tips.UnitTest.Adapter, Version=12.0.0.0, Culture=neutral, PublicKeyToken=b03f5f7f11d50a3a" className="VersionOne.TeamSync.Core.Tests.Workers.orphan_defect, VersionOne.TeamSync.Core.Tests, Version=1.1.0.20, Culture=neutral, PublicKeyToken=null" name="makes_a_call_add_a_link_back_to_jira" />
    </UnitTest>
    <UnitTest name="should_never_call_the_logger" storage="c:\dev\repos\versionone.teamsync\versionone.teamsync.core.tests\bin\release\versionone.teamsync.core.tests.dll" id="842f58c8-3234-0ede-11a7-6dbc9d5b135b">
      <Execution id="16121203-517d-4cb0-afb6-b75bb66af93e" />
      <TestMethod codeBase="C:/dev/repos/VersionOne.TeamSync/VersionOne.TeamSync.Core.Tests/bin/Release/VersionOne.TeamSync.Core.Tests.DLL" adapterTypeName="Microsoft.VisualStudio.TestTools.TestTypes.Unit.UnitTestAdapter, Microsoft.VisualStudio.QualityTools.Tips.UnitTest.Adapter, Version=12.0.0.0, Culture=neutral, PublicKeyToken=b03f5f7f11d50a3a" className="VersionOne.TeamSync.Core.Tests.getting_orphan_stories_in_a_jira_project, VersionOne.TeamSync.Core.Tests, Version=1.1.0.20, Culture=neutral, PublicKeyToken=null" name="should_never_call_the_logger" />
    </UnitTest>
    <UnitTest name="should_sync_member_at_least_once" storage="c:\dev\repos\versionone.teamsync\versionone.teamsync.core.tests\bin\release\versionone.teamsync.core.tests.dll" id="ea0ec4a5-849c-43bd-0799-eb8fea1943b2">
      <Execution id="8302222e-b401-47e8-acf8-54d7e6dcd712" />
      <TestMethod codeBase="C:/dev/repos/VersionOne.TeamSync/VersionOne.TeamSync.Core.Tests/bin/Release/VersionOne.TeamSync.Core.Tests.DLL" adapterTypeName="Microsoft.VisualStudio.TestTools.TestTypes.Unit.UnitTestAdapter, Microsoft.VisualStudio.QualityTools.Tips.UnitTest.Adapter, Version=12.0.0.0, Culture=neutral, PublicKeyToken=b03f5f7f11d50a3a" className="VersionOne.TeamSync.Core.Tests.story_with_assignee, VersionOne.TeamSync.Core.Tests, Version=1.1.0.20, Culture=neutral, PublicKeyToken=null" name="should_sync_member_at_least_once" />
    </UnitTest>
    <UnitTest name="should_be_a_match_even_if_someone_adds_spaces" storage="c:\dev\repos\versionone.teamsync\versionone.teamsync.core.tests\bin\release\versionone.teamsync.core.tests.dll" id="38347bc0-45a7-6fe8-4b95-ec13ed172ed2">
      <Execution id="b7661d0d-c7cd-458c-965d-4b863abea103" />
      <TestMethod codeBase="C:/dev/repos/VersionOne.TeamSync/VersionOne.TeamSync.Core.Tests/bin/Release/VersionOne.TeamSync.Core.Tests.DLL" adapterTypeName="Microsoft.VisualStudio.TestTools.TestTypes.Unit.UnitTestAdapter, Microsoft.VisualStudio.QualityTools.Tips.UnitTest.Adapter, Version=12.0.0.0, Culture=neutral, PublicKeyToken=b03f5f7f11d50a3a" className="VersionOne.TeamSync.Core.Tests.IssueExtension_MatchesTests, VersionOne.TeamSync.Core.Tests, Version=1.1.0.20, Culture=neutral, PublicKeyToken=null" name="should_be_a_match_even_if_someone_adds_spaces" />
    </UnitTest>
    <UnitTest name="should_call_EpicsWithoutReference_one_time" storage="c:\dev\repos\versionone.teamsync\versionone.teamsync.core.tests\bin\release\versionone.teamsync.core.tests.dll" id="ae304cd0-294e-ae2e-8d96-1e068f7b7160">
      <Execution id="632b9340-9a66-4e0d-9797-d2206bd12a7c" />
      <TestMethod codeBase="C:/dev/repos/VersionOne.TeamSync/VersionOne.TeamSync.Core.Tests/bin/Release/VersionOne.TeamSync.Core.Tests.DLL" adapterTypeName="Microsoft.VisualStudio.TestTools.TestTypes.Unit.UnitTestAdapter, Microsoft.VisualStudio.QualityTools.Tips.UnitTest.Adapter, Version=12.0.0.0, Culture=neutral, PublicKeyToken=b03f5f7f11d50a3a" className="VersionOne.TeamSync.Core.Tests.Worker_when_a_VersionOne_epic_is_closed, VersionOne.TeamSync.Core.Tests, Version=1.1.0.20, Culture=neutral, PublicKeyToken=null" name="should_call_EpicsWithoutReference_one_time" />
    </UnitTest>
    <UnitTest name="different_description_means_update" storage="c:\dev\repos\versionone.teamsync\versionone.teamsync.core.tests\bin\release\versionone.teamsync.core.tests.dll" id="0924a7ea-e553-197a-453e-0f848e7913f2">
      <Execution id="47363eb4-da61-45fc-980a-950692632434" />
      <TestMethod codeBase="C:/dev/repos/VersionOne.TeamSync/VersionOne.TeamSync.Core.Tests/bin/Release/VersionOne.TeamSync.Core.Tests.DLL" adapterTypeName="Microsoft.VisualStudio.TestTools.TestTypes.Unit.UnitTestAdapter, Microsoft.VisualStudio.QualityTools.Tips.UnitTest.Adapter, Version=12.0.0.0, Culture=neutral, PublicKeyToken=b03f5f7f11d50a3a" className="VersionOne.TeamSync.Core.Tests.EqualityTests_Story, VersionOne.TeamSync.Core.Tests, Version=1.1.0.20, Culture=neutral, PublicKeyToken=null" name="different_description_means_update" />
    </UnitTest>
    <UnitTest name="should_send_the_right_defect_to_be_updated" storage="c:\dev\repos\versionone.teamsync\versionone.teamsync.core.tests\bin\release\versionone.teamsync.core.tests.dll" id="d8ae65da-1195-d8f5-a279-2ed3d2892714">
      <Execution id="6141d625-a505-4292-9f12-6fe6363ac230" />
      <Properties>
        <Property>
          <Key>__Internal_DeclaringClassName__</Key>
          <Value>VersionOne.TeamSync.Core.Tests.Workers.defect_update</Value>
        </Property>
      </Properties>
      <TestMethod codeBase="C:/dev/repos/VersionOne.TeamSync/VersionOne.TeamSync.Core.Tests/bin/Release/VersionOne.TeamSync.Core.Tests.DLL" adapterTypeName="Microsoft.VisualStudio.TestTools.TestTypes.Unit.UnitTestAdapter, Microsoft.VisualStudio.QualityTools.Tips.UnitTest.Adapter, Version=12.0.0.0, Culture=neutral, PublicKeyToken=b03f5f7f11d50a3a" className="VersionOne.TeamSync.Core.Tests.modified_defect_has_priority_set, VersionOne.TeamSync.Core.Tests, Version=1.1.0.20, Culture=neutral, PublicKeyToken=null" name="should_send_the_right_defect_to_be_updated" />
    </UnitTest>
    <UnitTest name="do_not_call_the_jira_api" storage="c:\dev\repos\versionone.teamsync\versionone.teamsync.core.tests\bin\release\versionone.teamsync.core.tests.dll" id="8352b740-5640-aeae-5140-564f66adf679">
      <Execution id="72e3943d-d2b3-49ee-93b9-40ab0761d839" />
      <TestMethod codeBase="C:/dev/repos/VersionOne.TeamSync/VersionOne.TeamSync.Core.Tests/bin/Release/VersionOne.TeamSync.Core.Tests.DLL" adapterTypeName="Microsoft.VisualStudio.TestTools.TestTypes.Unit.UnitTestAdapter, Microsoft.VisualStudio.QualityTools.Tips.UnitTest.Adapter, Version=12.0.0.0, Culture=neutral, PublicKeyToken=b03f5f7f11d50a3a" className="VersionOne.TeamSync.Core.Tests.Workers.Worker_when_there_are_no_new_epics, VersionOne.TeamSync.Core.Tests, Version=1.1.0.20, Culture=neutral, PublicKeyToken=null" name="do_not_call_the_jira_api" />
    </UnitTest>
    <UnitTest name="makes_a_call_add_a_link_back_to_jira" storage="c:\dev\repos\versionone.teamsync\versionone.teamsync.core.tests\bin\release\versionone.teamsync.core.tests.dll" id="ace7038c-c5a7-de23-1f2a-d0e7fd972954">
      <Execution id="90774a6b-00d5-40de-87f7-2dd85b941084" />
      <TestMethod codeBase="C:/dev/repos/VersionOne.TeamSync/VersionOne.TeamSync.Core.Tests/bin/Release/VersionOne.TeamSync.Core.Tests.DLL" adapterTypeName="Microsoft.VisualStudio.TestTools.TestTypes.Unit.UnitTestAdapter, Microsoft.VisualStudio.QualityTools.Tips.UnitTest.Adapter, Version=12.0.0.0, Culture=neutral, PublicKeyToken=b03f5f7f11d50a3a" className="VersionOne.TeamSync.Core.Tests.orphan_story, VersionOne.TeamSync.Core.Tests, Version=1.1.0.20, Culture=neutral, PublicKeyToken=null" name="makes_a_call_add_a_link_back_to_jira" />
    </UnitTest>
    <UnitTest name="should_not_update_the_parent_epic" storage="c:\dev\repos\versionone.teamsync\versionone.teamsync.core.tests\bin\release\versionone.teamsync.core.tests.dll" id="d90fddeb-6dbb-2aa4-1b55-969a440f31a3">
      <Execution id="9bdb09bb-e475-4e10-ac36-ecb5d0aaf90b" />
      <TestMethod codeBase="C:/dev/repos/VersionOne.TeamSync/VersionOne.TeamSync.Core.Tests/bin/Release/VersionOne.TeamSync.Core.Tests.DLL" adapterTypeName="Microsoft.VisualStudio.TestTools.TestTypes.Unit.UnitTestAdapter, Microsoft.VisualStudio.QualityTools.Tips.UnitTest.Adapter, Version=12.0.0.0, Culture=neutral, PublicKeyToken=b03f5f7f11d50a3a" className="VersionOne.TeamSync.Core.Tests.StorySync.and_the_status_is_normal_but_the_parent_epic_is_closed, VersionOne.TeamSync.Core.Tests, Version=1.1.0.20, Culture=neutral, PublicKeyToken=null" name="should_not_update_the_parent_epic" />
    </UnitTest>
    <UnitTest name="passed_in_scope_becomes_actual_scopeId" storage="c:\dev\repos\versionone.teamsync\versionone.teamsync.core.tests\bin\release\versionone.teamsync.core.tests.dll" id="8fb5d0ad-2a71-593d-1b4a-7642ea73d25e">
      <Execution id="b6d5c313-61b8-4969-8ff4-f2d35c1622ad" />
      <TestMethod codeBase="C:/dev/repos/VersionOne.TeamSync/VersionOne.TeamSync.Core.Tests/bin/Release/VersionOne.TeamSync.Core.Tests.DLL" adapterTypeName="Microsoft.VisualStudio.TestTools.TestTypes.Unit.UnitTestAdapter, Microsoft.VisualStudio.QualityTools.Tips.UnitTest.Adapter, Version=12.0.0.0, Culture=neutral, PublicKeyToken=b03f5f7f11d50a3a" className="VersionOne.TeamSync.Core.Tests.IssueExtensionTests, VersionOne.TeamSync.Core.Tests, Version=1.1.0.20, Culture=neutral, PublicKeyToken=null" name="passed_in_scope_becomes_actual_scopeId" />
    </UnitTest>
    <UnitTest name="should_create_a_post_to_create_member" storage="c:\dev\repos\versionone.teamsync\versionone.teamsync.core.tests\bin\release\versionone.teamsync.core.tests.dll" id="4c881ea4-3cc9-4a9b-5eba-be04acf0addc">
      <Execution id="d4572ec7-c066-4f7a-adb5-6d149f5689fc" />
      <TestMethod codeBase="C:/dev/repos/VersionOne.TeamSync/VersionOne.TeamSync.Core.Tests/bin/Release/VersionOne.TeamSync.Core.Tests.DLL" adapterTypeName="Microsoft.VisualStudio.TestTools.TestTypes.Unit.UnitTestAdapter, Microsoft.VisualStudio.QualityTools.Tips.UnitTest.Adapter, Version=12.0.0.0, Culture=neutral, PublicKeyToken=b03f5f7f11d50a3a" className="VersionOne.TeamSync.Core.Tests.when_assignee_exists_in_v1_and_it_matches_equals_true, VersionOne.TeamSync.Core.Tests, Version=1.1.0.20, Culture=neutral, PublicKeyToken=null" name="should_create_a_post_to_create_member" />
    </UnitTest>
    <UnitTest name="should_call_GetEpicsInProject_jira" storage="c:\dev\repos\versionone.teamsync\versionone.teamsync.core.tests\bin\release\versionone.teamsync.core.tests.dll" id="859089f1-9be3-2eff-86d9-f31ec9dcc1ea">
      <Execution id="094e5285-a592-4b4d-92fd-a3d9672d0cd3" />
      <TestMethod codeBase="C:/dev/repos/VersionOne.TeamSync/VersionOne.TeamSync.Core.Tests/bin/Release/VersionOne.TeamSync.Core.Tests.DLL" adapterTypeName="Microsoft.VisualStudio.TestTools.TestTypes.Unit.UnitTestAdapter, Microsoft.VisualStudio.QualityTools.Tips.UnitTest.Adapter, Version=12.0.0.0, Culture=neutral, PublicKeyToken=b03f5f7f11d50a3a" className="VersionOne.TeamSync.Core.Tests.Worker_when_there_is_1_epic_to_update_and_no_match_in_jira, VersionOne.TeamSync.Core.Tests, Version=1.1.0.20, Culture=neutral, PublicKeyToken=null" name="should_call_GetEpicsInProject_jira" />
    </UnitTest>
    <UnitTest name="should_send_the_right_priority_to_be_updated" storage="c:\dev\repos\versionone.teamsync\versionone.teamsync.core.tests\bin\release\versionone.teamsync.core.tests.dll" id="6177ca55-578c-ba9c-7a78-75da4b6c3658">
      <Execution id="ad916618-e57b-4431-bf47-13f408456c16" />
      <TestMethod codeBase="C:/dev/repos/VersionOne.TeamSync/VersionOne.TeamSync.Core.Tests/bin/Release/VersionOne.TeamSync.Core.Tests.DLL" adapterTypeName="Microsoft.VisualStudio.TestTools.TestTypes.Unit.UnitTestAdapter, Microsoft.VisualStudio.QualityTools.Tips.UnitTest.Adapter, Version=12.0.0.0, Culture=neutral, PublicKeyToken=b03f5f7f11d50a3a" className="VersionOne.TeamSync.Core.Tests.modified_story_has_priority_set, VersionOne.TeamSync.Core.Tests, Version=1.1.0.20, Culture=neutral, PublicKeyToken=null" name="should_send_the_right_priority_to_be_updated" />
    </UnitTest>
    <UnitTest name="when_content_does_not_match_throw_a_jira_exception_with_that_data" storage="c:\dev\repos\versionone.teamsync\versionone.teamsync.core.tests\bin\release\versionone.teamsync.core.tests.dll" id="03d4ba6b-5c6e-ee83-cf11-a4e8e5fa4192">
      <Execution id="72265b73-36e1-4cdb-8b2d-3f9927a8abdb" />
      <TestMethod codeBase="C:/dev/repos/VersionOne.TeamSync/VersionOne.TeamSync.Core.Tests/bin/Release/VersionOne.TeamSync.Core.Tests.DLL" adapterTypeName="Microsoft.VisualStudio.TestTools.TestTypes.Unit.UnitTestAdapter, Microsoft.VisualStudio.QualityTools.Tips.UnitTest.Adapter, Version=12.0.0.0, Culture=neutral, PublicKeyToken=b03f5f7f11d50a3a" className="VersionOne.TeamSync.Core.Tests.Executing_a_request_with_T_return, VersionOne.TeamSync.Core.Tests, Version=1.1.0.20, Culture=neutral, PublicKeyToken=null" name="when_content_does_not_match_throw_a_jira_exception_with_that_data" />
    </UnitTest>
    <UnitTest name="null_v1_priority_returns_empty_string" storage="c:\dev\repos\versionone.teamsync\versionone.teamsync.core.tests\bin\release\versionone.teamsync.core.tests.dll" id="189132ef-3b03-1a59-eac3-ea0849320c1b">
      <Execution id="1cee03d4-3f32-4618-b370-2f4ed5ad9de1" />
      <TestMethod codeBase="C:/dev/repos/VersionOne.TeamSync/VersionOne.TeamSync.Core.Tests/bin/Release/VersionOne.TeamSync.Core.Tests.DLL" adapterTypeName="Microsoft.VisualStudio.TestTools.TestTypes.Unit.UnitTestAdapter, Microsoft.VisualStudio.QualityTools.Tips.UnitTest.Adapter, Version=12.0.0.0, Culture=neutral, PublicKeyToken=b03f5f7f11d50a3a" className="VersionOne.TeamSync.Core.Tests.modified_epic_has_priority_set, VersionOne.TeamSync.Core.Tests, Version=1.1.0.20, Culture=neutral, PublicKeyToken=null" name="null_v1_priority_returns_empty_string" />
    </UnitTest>
    <UnitTest name="should_refresh_the_defect_once" storage="c:\dev\repos\versionone.teamsync\versionone.teamsync.core.tests\bin\release\versionone.teamsync.core.tests.dll" id="b5b106c8-979f-415b-256d-de38aed0c503">
      <Execution id="e28d21a6-c7b6-4577-9cd7-b72ce94470bd" />
      <TestMethod codeBase="C:/dev/repos/VersionOne.TeamSync/VersionOne.TeamSync.Core.Tests/bin/Release/VersionOne.TeamSync.Core.Tests.DLL" adapterTypeName="Microsoft.VisualStudio.TestTools.TestTypes.Unit.UnitTestAdapter, Microsoft.VisualStudio.QualityTools.Tips.UnitTest.Adapter, Version=12.0.0.0, Culture=neutral, PublicKeyToken=b03f5f7f11d50a3a" className="VersionOne.TeamSync.Core.Tests.Workers.child_defect, VersionOne.TeamSync.Core.Tests, Version=1.1.0.20, Culture=neutral, PublicKeyToken=null" name="should_refresh_the_defect_once" />
    </UnitTest>
    <UnitTest name="should_not_call_either_operations_to_close_or_reopen" storage="c:\dev\repos\versionone.teamsync\versionone.teamsync.core.tests\bin\release\versionone.teamsync.core.tests.dll" id="bb358b37-78fd-81d1-baa4-f9cf0cda2deb">
      <Execution id="5aeea55e-5df4-4fc9-abb6-a0b7d2df7d4a" />
      <TestMethod codeBase="C:/dev/repos/VersionOne.TeamSync/VersionOne.TeamSync.Core.Tests/bin/Release/VersionOne.TeamSync.Core.Tests.DLL" adapterTypeName="Microsoft.VisualStudio.TestTools.TestTypes.Unit.UnitTestAdapter, Microsoft.VisualStudio.QualityTools.Tips.UnitTest.Adapter, Version=12.0.0.0, Culture=neutral, PublicKeyToken=b03f5f7f11d50a3a" className="VersionOne.TeamSync.Core.Tests.Workers.defect_update_with_closed_epic, VersionOne.TeamSync.Core.Tests, Version=1.1.0.20, Culture=neutral, PublicKeyToken=null" name="should_not_call_either_operations_to_close_or_reopen" />
    </UnitTest>
    <UnitTest name="should_sync_member_at_least_once" storage="c:\dev\repos\versionone.teamsync\versionone.teamsync.core.tests\bin\release\versionone.teamsync.core.tests.dll" id="a9e21aff-2cf2-8baa-1619-d9d58ece1ce5">
      <Execution id="a1fcbfb6-0642-4e0a-8a7e-cac47c50367e" />
      <TestMethod codeBase="C:/dev/repos/VersionOne.TeamSync/VersionOne.TeamSync.Core.Tests/bin/Release/VersionOne.TeamSync.Core.Tests.DLL" adapterTypeName="Microsoft.VisualStudio.TestTools.TestTypes.Unit.UnitTestAdapter, Microsoft.VisualStudio.QualityTools.Tips.UnitTest.Adapter, Version=12.0.0.0, Culture=neutral, PublicKeyToken=b03f5f7f11d50a3a" className="VersionOne.TeamSync.Core.Tests.create_actual, VersionOne.TeamSync.Core.Tests, Version=1.1.0.20, Culture=neutral, PublicKeyToken=null" name="should_sync_member_at_least_once" />
    </UnitTest>
    <UnitTest name="should_create_a_post_to_update_member" storage="c:\dev\repos\versionone.teamsync\versionone.teamsync.core.tests\bin\release\versionone.teamsync.core.tests.dll" id="c0f5d4a2-b9c3-8ba4-a5cd-e43136f83f1c">
      <Execution id="a3d654ae-7c9e-4228-ba8c-189574d6d2f9" />
      <TestMethod codeBase="C:/dev/repos/VersionOne.TeamSync/VersionOne.TeamSync.Core.Tests/bin/Release/VersionOne.TeamSync.Core.Tests.DLL" adapterTypeName="Microsoft.VisualStudio.TestTools.TestTypes.Unit.UnitTestAdapter, Microsoft.VisualStudio.QualityTools.Tips.UnitTest.Adapter, Version=12.0.0.0, Culture=neutral, PublicKeyToken=b03f5f7f11d50a3a" className="VersionOne.TeamSync.Core.Tests.when_assignee_exists_in_v1_and_it_matches_equals_false, VersionOne.TeamSync.Core.Tests, Version=1.1.0.20, Culture=neutral, PublicKeyToken=null" name="should_create_a_post_to_update_member" />
    </UnitTest>
    <UnitTest name="should_refresh_the_defect_once" storage="c:\dev\repos\versionone.teamsync\versionone.teamsync.core.tests\bin\release\versionone.teamsync.core.tests.dll" id="fa853800-8453-665d-e00a-6ed40aa20fc4">
      <Execution id="092cc584-a413-4f0f-adee-970f98ecacdf" />
      <TestMethod codeBase="C:/dev/repos/VersionOne.TeamSync/VersionOne.TeamSync.Core.Tests/bin/Release/VersionOne.TeamSync.Core.Tests.DLL" adapterTypeName="Microsoft.VisualStudio.TestTools.TestTypes.Unit.UnitTestAdapter, Microsoft.VisualStudio.QualityTools.Tips.UnitTest.Adapter, Version=12.0.0.0, Culture=neutral, PublicKeyToken=b03f5f7f11d50a3a" className="VersionOne.TeamSync.Core.Tests.Workers.orphan_defect, VersionOne.TeamSync.Core.Tests, Version=1.1.0.20, Culture=neutral, PublicKeyToken=null" name="should_refresh_the_defect_once" />
    </UnitTest>
    <UnitTest name="should_not_call_close_story" storage="c:\dev\repos\versionone.teamsync\versionone.teamsync.core.tests\bin\release\versionone.teamsync.core.tests.dll" id="c9ab5b7e-efe9-a785-3e50-f5ab04f81e63">
      <Execution id="b0461323-009a-49bd-9767-5d1bd122cc81" />
      <TestMethod codeBase="C:/dev/repos/VersionOne.TeamSync/VersionOne.TeamSync.Core.Tests/bin/Release/VersionOne.TeamSync.Core.Tests.DLL" adapterTypeName="Microsoft.VisualStudio.TestTools.TestTypes.Unit.UnitTestAdapter, Microsoft.VisualStudio.QualityTools.Tips.UnitTest.Adapter, Version=12.0.0.0, Culture=neutral, PublicKeyToken=b03f5f7f11d50a3a" className="VersionOne.TeamSync.Core.Tests.StorySync.and_the_status_is_not_done_when_the_v1_story_is_closed, VersionOne.TeamSync.Core.Tests, Version=1.1.0.20, Culture=neutral, PublicKeyToken=null" name="should_not_call_close_story" />
    </UnitTest>
    <UnitTest name="has_two_parameters" storage="c:\dev\repos\versionone.teamsync\versionone.teamsync.core.tests\bin\release\versionone.teamsync.core.tests.dll" id="0be6098c-dfad-01a6-03f7-a0eb6e8ab4b2">
      <Execution id="67c99dc5-682a-40cd-8a10-3b67720f35bc" />
      <Properties>
        <Property>
          <Key>__Internal_DeclaringClassName__</Key>
          <Value>VersionOne.TeamSync.Core.Tests.when_using_search</Value>
        </Property>
      </Properties>
      <TestMethod codeBase="C:/dev/repos/VersionOne.TeamSync/VersionOne.TeamSync.Core.Tests/bin/Release/VersionOne.TeamSync.Core.Tests.DLL" adapterTypeName="Microsoft.VisualStudio.TestTools.TestTypes.Unit.UnitTestAdapter, Microsoft.VisualStudio.QualityTools.Tips.UnitTest.Adapter, Version=12.0.0.0, Culture=neutral, PublicKeyToken=b03f5f7f11d50a3a" className="VersionOne.TeamSync.Core.Tests.when_seaching_in_one_project_for_items_in_jira, VersionOne.TeamSync.Core.Tests, Version=1.1.0.20, Culture=neutral, PublicKeyToken=null" name="has_two_parameters" />
    </UnitTest>
    <UnitTest name="should_have_eleven_query_items" storage="c:\dev\repos\versionone.teamsync\versionone.teamsync.core.tests\bin\release\versionone.teamsync.core.tests.dll" id="9167a63e-ebf4-8110-49e2-4dc38d5a41f8">
      <Execution id="378eb02e-347a-4e56-b94b-07fae669eb2f" />
      <TestMethod codeBase="C:/dev/repos/VersionOne.TeamSync/VersionOne.TeamSync.Core.Tests/bin/Release/VersionOne.TeamSync.Core.Tests.DLL" adapterTypeName="Microsoft.VisualStudio.TestTools.TestTypes.Unit.UnitTestAdapter, Microsoft.VisualStudio.QualityTools.Tips.UnitTest.Adapter, Version=12.0.0.0, Culture=neutral, PublicKeyToken=b03f5f7f11d50a3a" className="VersionOne.TeamSync.Core.Tests.getting_orphan_stories_in_a_jira_project, VersionOne.TeamSync.Core.Tests, Version=1.1.0.20, Culture=neutral, PublicKeyToken=null" name="should_have_eleven_query_items" />
    </UnitTest>
    <UnitTest name="when_content_does_not_match_throw_a_jira_exception_with_that_data" storage="c:\dev\repos\versionone.teamsync\versionone.teamsync.core.tests\bin\release\versionone.teamsync.core.tests.dll" id="4e983407-5545-d04b-a350-6eee99f5f035">
      <Execution id="8b75e0d3-4d3d-478f-ab20-b08328ba0eef" />
      <TestMethod codeBase="C:/dev/repos/VersionOne.TeamSync/VersionOne.TeamSync.Core.Tests/bin/Release/VersionOne.TeamSync.Core.Tests.DLL" adapterTypeName="Microsoft.VisualStudio.TestTools.TestTypes.Unit.UnitTestAdapter, Microsoft.VisualStudio.QualityTools.Tips.UnitTest.Adapter, Version=12.0.0.0, Culture=neutral, PublicKeyToken=b03f5f7f11d50a3a" className="VersionOne.TeamSync.Core.Tests.Executing_a_request_with_no_return, VersionOne.TeamSync.Core.Tests, Version=1.1.0.20, Culture=neutral, PublicKeyToken=null" name="when_content_does_not_match_throw_a_jira_exception_with_that_data" />
    </UnitTest>
    <UnitTest name="should_call_EpicsWithReference_one_time" storage="c:\dev\repos\versionone.teamsync\versionone.teamsync.core.tests\bin\release\versionone.teamsync.core.tests.dll" id="037f1dbe-a8a7-60c2-44bd-1ed4291d70a1">
      <Execution id="76b57fe1-9276-4738-847e-fa0aabfc9264" />
      <TestMethod codeBase="C:/dev/repos/VersionOne.TeamSync/VersionOne.TeamSync.Core.Tests/bin/Release/VersionOne.TeamSync.Core.Tests.DLL" adapterTypeName="Microsoft.VisualStudio.TestTools.TestTypes.Unit.UnitTestAdapter, Microsoft.VisualStudio.QualityTools.Tips.UnitTest.Adapter, Version=12.0.0.0, Culture=neutral, PublicKeyToken=b03f5f7f11d50a3a" className="VersionOne.TeamSync.Core.Tests.Worker_when_there_is_1_epic_to_update_and_no_match_in_jira, VersionOne.TeamSync.Core.Tests, Version=1.1.0.20, Culture=neutral, PublicKeyToken=null" name="should_call_EpicsWithReference_one_time" />
    </UnitTest>
    <UnitTest name="do_not_call_GetJiraPriorityIdFromMapping" storage="c:\dev\repos\versionone.teamsync\versionone.teamsync.core.tests\bin\release\versionone.teamsync.core.tests.dll" id="2bf42bc1-5575-e8b6-d93f-a6cf3ff03d71">
      <Execution id="f91ff854-2b32-48e1-9a32-98c9d8d9265c" />
      <TestMethod codeBase="C:/dev/repos/VersionOne.TeamSync/VersionOne.TeamSync.Core.Tests/bin/Release/VersionOne.TeamSync.Core.Tests.DLL" adapterTypeName="Microsoft.VisualStudio.TestTools.TestTypes.Unit.UnitTestAdapter, Microsoft.VisualStudio.QualityTools.Tips.UnitTest.Adapter, Version=12.0.0.0, Culture=neutral, PublicKeyToken=b03f5f7f11d50a3a" className="VersionOne.TeamSync.Core.Tests.new_epic_has_no_priority_set, VersionOne.TeamSync.Core.Tests, Version=1.1.0.20, Culture=neutral, PublicKeyToken=null" name="do_not_call_GetJiraPriorityIdFromMapping" />
    </UnitTest>
    <UnitTest name="should_sync_member_at_least_once" storage="c:\dev\repos\versionone.teamsync\versionone.teamsync.core.tests\bin\release\versionone.teamsync.core.tests.dll" id="5bcc6b4d-0123-1f07-709a-65a208da1bbf">
      <Execution id="759e8bd3-4cbc-4ae5-95b0-f32925e8a2de" />
      <TestMethod codeBase="C:/dev/repos/VersionOne.TeamSync/VersionOne.TeamSync.Core.Tests/bin/Release/VersionOne.TeamSync.Core.Tests.DLL" adapterTypeName="Microsoft.VisualStudio.TestTools.TestTypes.Unit.UnitTestAdapter, Microsoft.VisualStudio.QualityTools.Tips.UnitTest.Adapter, Version=12.0.0.0, Culture=neutral, PublicKeyToken=b03f5f7f11d50a3a" className="VersionOne.TeamSync.Core.Tests.new_story_has_priority_set, VersionOne.TeamSync.Core.Tests, Version=1.1.0.20, Culture=neutral, PublicKeyToken=null" name="should_sync_member_at_least_once" />
    </UnitTest>
    <UnitTest name="should_include_the_description" storage="c:\dev\repos\versionone.teamsync\versionone.teamsync.core.tests\bin\release\versionone.teamsync.core.tests.dll" id="3e432423-edd5-0e59-6398-25f96524c3c1">
      <Execution id="8464ae5e-2beb-4739-9cf9-12bb5e4325f9" />
      <TestMethod codeBase="C:/dev/repos/VersionOne.TeamSync/VersionOne.TeamSync.Core.Tests/bin/Release/VersionOne.TeamSync.Core.Tests.DLL" adapterTypeName="Microsoft.VisualStudio.TestTools.TestTypes.Unit.UnitTestAdapter, Microsoft.VisualStudio.QualityTools.Tips.UnitTest.Adapter, Version=12.0.0.0, Culture=neutral, PublicKeyToken=b03f5f7f11d50a3a" className="VersionOne.TeamSync.Core.Tests.when_creating_payload_for_jira_epic_update, VersionOne.TeamSync.Core.Tests, Version=1.1.0.20, Culture=neutral, PublicKeyToken=null" name="should_include_the_description" />
    </UnitTest>
    <UnitTest name="defect_should_have_a_name_of_defect_template" storage="c:\dev\repos\versionone.teamsync\versionone.teamsync.core.tests\bin\release\versionone.teamsync.core.tests.dll" id="e449a90a-1c83-26f7-0d19-cb247779b8f5">
      <Execution id="3b3ad9e3-67de-43d5-a6ca-8e12f8fd7645" />
      <TestMethod codeBase="C:/dev/repos/VersionOne.TeamSync/VersionOne.TeamSync.Core.Tests/bin/Release/VersionOne.TeamSync.Core.Tests.DLL" adapterTypeName="Microsoft.VisualStudio.TestTools.TestTypes.Unit.UnitTestAdapter, Microsoft.VisualStudio.QualityTools.Tips.UnitTest.Adapter, Version=12.0.0.0, Culture=neutral, PublicKeyToken=b03f5f7f11d50a3a" className="VersionOne.TeamSync.Core.Tests.Xml.Defect_Tests, VersionOne.TeamSync.Core.Tests, Version=1.1.0.20, Culture=neutral, PublicKeyToken=null" name="defect_should_have_a_name_of_defect_template" />
    </UnitTest>
    <UnitTest name="different_reference_means_update" storage="c:\dev\repos\versionone.teamsync\versionone.teamsync.core.tests\bin\release\versionone.teamsync.core.tests.dll" id="4f440371-e6e1-0514-902b-8e6501e79653">
      <Execution id="fa36175c-cd4c-4c11-abd3-74efeac0cc2c" />
      <TestMethod codeBase="C:/dev/repos/VersionOne.TeamSync/VersionOne.TeamSync.Core.Tests/bin/Release/VersionOne.TeamSync.Core.Tests.DLL" adapterTypeName="Microsoft.VisualStudio.TestTools.TestTypes.Unit.UnitTestAdapter, Microsoft.VisualStudio.QualityTools.Tips.UnitTest.Adapter, Version=12.0.0.0, Culture=neutral, PublicKeyToken=b03f5f7f11d50a3a" className="VersionOne.TeamSync.Core.Tests.EqualityTests_Epic, VersionOne.TeamSync.Core.Tests, Version=1.1.0.20, Culture=neutral, PublicKeyToken=null" name="different_reference_means_update" />
    </UnitTest>
    <UnitTest name="should_call_CreateEpic_on_jira" storage="c:\dev\repos\versionone.teamsync\versionone.teamsync.core.tests\bin\release\versionone.teamsync.core.tests.dll" id="8671fc59-b87b-384e-da5e-9c2e17437011">
      <Execution id="6625a9f0-3841-4b02-8fb8-90e5103af26a" />
      <TestMethod codeBase="C:/dev/repos/VersionOne.TeamSync/VersionOne.TeamSync.Core.Tests/bin/Release/VersionOne.TeamSync.Core.Tests.DLL" adapterTypeName="Microsoft.VisualStudio.TestTools.TestTypes.Unit.UnitTestAdapter, Microsoft.VisualStudio.QualityTools.Tips.UnitTest.Adapter, Version=12.0.0.0, Culture=neutral, PublicKeyToken=b03f5f7f11d50a3a" className="VersionOne.TeamSync.Core.Tests.Worker_when_a_VersionOne_epic_is_closed_and_already_updated, VersionOne.TeamSync.Core.Tests, Version=1.1.0.20, Culture=neutral, PublicKeyToken=null" name="should_call_CreateEpic_on_jira" />
    </UnitTest>
    <UnitTest name="makes_a_call_to_update_the_issue_in_jira_with_story_number" storage="c:\dev\repos\versionone.teamsync\versionone.teamsync.core.tests\bin\release\versionone.teamsync.core.tests.dll" id="1a53bf63-7f68-fa13-fc02-54ef19b26c61">
      <Execution id="3c5dd31a-a9e2-4887-bf0b-0293d9b64aa1" />
      <TestMethod codeBase="C:/dev/repos/VersionOne.TeamSync/VersionOne.TeamSync.Core.Tests/bin/Release/VersionOne.TeamSync.Core.Tests.DLL" adapterTypeName="Microsoft.VisualStudio.TestTools.TestTypes.Unit.UnitTestAdapter, Microsoft.VisualStudio.QualityTools.Tips.UnitTest.Adapter, Version=12.0.0.0, Culture=neutral, PublicKeyToken=b03f5f7f11d50a3a" className="VersionOne.TeamSync.Core.Tests.orphan_story, VersionOne.TeamSync.Core.Tests, Version=1.1.0.20, Culture=neutral, PublicKeyToken=null" name="makes_a_call_to_update_the_issue_in_jira_with_story_number" />
    </UnitTest>
    <UnitTest name="should_have_one_project" storage="c:\dev\repos\versionone.teamsync\versionone.teamsync.core.tests\bin\release\versionone.teamsync.core.tests.dll" id="b0bf992d-67a0-4bf1-6102-e6548bd7e11c">
      <DeploymentItems>
        <DeploymentItem filename="CreateMeta.json" />
      </DeploymentItems>
      <Execution id="10eddb93-329e-4cf5-9dc2-ea1ef98c2c58" />
      <TestMethod codeBase="C:/dev/repos/VersionOne.TeamSync/VersionOne.TeamSync.Core.Tests/bin/Release/VersionOne.TeamSync.Core.Tests.DLL" adapterTypeName="Microsoft.VisualStudio.TestTools.TestTypes.Unit.UnitTestAdapter, Microsoft.VisualStudio.QualityTools.Tips.UnitTest.Adapter, Version=12.0.0.0, Culture=neutral, PublicKeyToken=b03f5f7f11d50a3a" className="VersionOne.TeamSync.Core.Tests.JsonConverter.MetaDataConverterTests, VersionOne.TeamSync.Core.Tests, Version=1.1.0.20, Culture=neutral, PublicKeyToken=null" name="should_have_one_project" />
    </UnitTest>
    <UnitTest name="different_estimate_means_update" storage="c:\dev\repos\versionone.teamsync\versionone.teamsync.core.tests\bin\release\versionone.teamsync.core.tests.dll" id="5dd8bc2c-6ad7-872a-533e-b0b8e5fb0b3c">
      <Execution id="762efd57-5a01-4af4-b12b-0aaaa788096e" />
      <TestMethod codeBase="C:/dev/repos/VersionOne.TeamSync/VersionOne.TeamSync.Core.Tests/bin/Release/VersionOne.TeamSync.Core.Tests.DLL" adapterTypeName="Microsoft.VisualStudio.TestTools.TestTypes.Unit.UnitTestAdapter, Microsoft.VisualStudio.QualityTools.Tips.UnitTest.Adapter, Version=12.0.0.0, Culture=neutral, PublicKeyToken=b03f5f7f11d50a3a" className="VersionOne.TeamSync.Core.Tests.EqualityTests_Story, VersionOne.TeamSync.Core.Tests, Version=1.1.0.20, Culture=neutral, PublicKeyToken=null" name="different_estimate_means_update" />
    </UnitTest>
    <UnitTest name="should_not_update_the_issue" storage="c:\dev\repos\versionone.teamsync\versionone.teamsync.core.tests\bin\release\versionone.teamsync.core.tests.dll" id="ce9788eb-b60b-d0e7-8fbb-1a9e315e3da7">
      <Execution id="106e4b46-9039-4173-9297-1ec1d5259597" />
      <TestMethod codeBase="C:/dev/repos/VersionOne.TeamSync/VersionOne.TeamSync.Core.Tests/bin/Release/VersionOne.TeamSync.Core.Tests.DLL" adapterTypeName="Microsoft.VisualStudio.TestTools.TestTypes.Unit.UnitTestAdapter, Microsoft.VisualStudio.QualityTools.Tips.UnitTest.Adapter, Version=12.0.0.0, Culture=neutral, PublicKeyToken=b03f5f7f11d50a3a" className="VersionOne.TeamSync.Core.Tests.StorySync.take_jira_story_to_v1_story_and_epic_is_closed, VersionOne.TeamSync.Core.Tests, Version=1.1.0.20, Culture=neutral, PublicKeyToken=null" name="should_not_update_the_issue" />
    </UnitTest>
    <UnitTest name="calls_GetEpicsInProject_once" storage="c:\dev\repos\versionone.teamsync\versionone.teamsync.core.tests\bin\release\versionone.teamsync.core.tests.dll" id="acbdfc65-73b4-b053-dbfc-7814b2d6a963">
      <Execution id="2c2b4cca-a31d-49bb-86e8-f9af54b2e354" />
      <TestMethod codeBase="C:/dev/repos/VersionOne.TeamSync/VersionOne.TeamSync.Core.Tests/bin/Release/VersionOne.TeamSync.Core.Tests.DLL" adapterTypeName="Microsoft.VisualStudio.TestTools.TestTypes.Unit.UnitTestAdapter, Microsoft.VisualStudio.QualityTools.Tips.UnitTest.Adapter, Version=12.0.0.0, Culture=neutral, PublicKeyToken=b03f5f7f11d50a3a" className="VersionOne.TeamSync.Core.Tests.Worker_when_there_are_no_epics_to_update, VersionOne.TeamSync.Core.Tests, Version=1.1.0.20, Culture=neutral, PublicKeyToken=null" name="calls_GetEpicsInProject_once" />
    </UnitTest>
    <UnitTest name="does_not_try_to_create_a_link_on_v1_epic" storage="c:\dev\repos\versionone.teamsync\versionone.teamsync.core.tests\bin\release\versionone.teamsync.core.tests.dll" id="ff6668d6-987c-acbb-2e79-8bdc76ec18f6">
      <Execution id="ee50df10-4516-4c60-904c-134139918fa3" />
      <TestMethod codeBase="C:/dev/repos/VersionOne.TeamSync/VersionOne.TeamSync.Core.Tests/bin/Release/VersionOne.TeamSync.Core.Tests.DLL" adapterTypeName="Microsoft.VisualStudio.TestTools.TestTypes.Unit.UnitTestAdapter, Microsoft.VisualStudio.QualityTools.Tips.UnitTest.Adapter, Version=12.0.0.0, Culture=neutral, PublicKeyToken=b03f5f7f11d50a3a" className="VersionOne.TeamSync.Core.Tests.Worker_when_there_are_no_new_epics, VersionOne.TeamSync.Core.Tests, Version=1.1.0.20, Culture=neutral, PublicKeyToken=null" name="does_not_try_to_create_a_link_on_v1_epic" />
    </UnitTest>
    <UnitTest name="should_call_create_member_just_once" storage="c:\dev\repos\versionone.teamsync\versionone.teamsync.core.tests\bin\release\versionone.teamsync.core.tests.dll" id="6cd4c692-cf1b-abea-6b9b-321981764b34">
      <Execution id="05a3d7a2-cdc0-4a74-9b16-1ea7ddd648c4" />
      <TestMethod codeBase="C:/dev/repos/VersionOne.TeamSync/VersionOne.TeamSync.Core.Tests/bin/Release/VersionOne.TeamSync.Core.Tests.DLL" adapterTypeName="Microsoft.VisualStudio.TestTools.TestTypes.Unit.UnitTestAdapter, Microsoft.VisualStudio.QualityTools.Tips.UnitTest.Adapter, Version=12.0.0.0, Culture=neutral, PublicKeyToken=b03f5f7f11d50a3a" className="VersionOne.TeamSync.Core.Tests.when_assignee_does_not_exists_in_v1, VersionOne.TeamSync.Core.Tests, Version=1.1.0.20, Culture=neutral, PublicKeyToken=null" name="should_call_create_member_just_once" />
    </UnitTest>
    <UnitTest name="calls_the_GetEpicsWithoutReference_once" storage="c:\dev\repos\versionone.teamsync\versionone.teamsync.core.tests\bin\release\versionone.teamsync.core.tests.dll" id="86938245-09e8-90d4-202c-689ca2441c0f">
      <Execution id="20d787ad-d325-4f63-b56c-5c3f31083f3a" />
      <TestMethod codeBase="C:/dev/repos/VersionOne.TeamSync/VersionOne.TeamSync.Core.Tests/bin/Release/VersionOne.TeamSync.Core.Tests.DLL" adapterTypeName="Microsoft.VisualStudio.TestTools.TestTypes.Unit.UnitTestAdapter, Microsoft.VisualStudio.QualityTools.Tips.UnitTest.Adapter, Version=12.0.0.0, Culture=neutral, PublicKeyToken=b03f5f7f11d50a3a" className="VersionOne.TeamSync.Core.Tests.Workers.Worker_when_there_are_no_new_epics, VersionOne.TeamSync.Core.Tests, Version=1.1.0.20, Culture=neutral, PublicKeyToken=null" name="calls_the_GetEpicsWithoutReference_once" />
    </UnitTest>
    <UnitTest name="should_refresh_the_story_once" storage="c:\dev\repos\versionone.teamsync\versionone.teamsync.core.tests\bin\release\versionone.teamsync.core.tests.dll" id="19c14232-a109-53fd-a537-084cde1f58b0">
      <Execution id="5f276359-4000-4c3b-bf2c-8edbe5716dea" />
      <TestMethod codeBase="C:/dev/repos/VersionOne.TeamSync/VersionOne.TeamSync.Core.Tests/bin/Release/VersionOne.TeamSync.Core.Tests.DLL" adapterTypeName="Microsoft.VisualStudio.TestTools.TestTypes.Unit.UnitTestAdapter, Microsoft.VisualStudio.QualityTools.Tips.UnitTest.Adapter, Version=12.0.0.0, Culture=neutral, PublicKeyToken=b03f5f7f11d50a3a" className="VersionOne.TeamSync.Core.Tests.child_story, VersionOne.TeamSync.Core.Tests, Version=1.1.0.20, Culture=neutral, PublicKeyToken=null" name="should_refresh_the_story_once" />
    </UnitTest>
    <UnitTest name="null_v1_priority_returns_empty_string" storage="c:\dev\repos\versionone.teamsync\versionone.teamsync.core.tests\bin\release\versionone.teamsync.core.tests.dll" id="76de075c-2879-aa01-68fb-63d3c0f7eb1c">
      <Execution id="c311c57e-e4e9-445e-9190-787396627301" />
      <TestMethod codeBase="C:/dev/repos/VersionOne.TeamSync/VersionOne.TeamSync.Core.Tests/bin/Release/VersionOne.TeamSync.Core.Tests.DLL" adapterTypeName="Microsoft.VisualStudio.TestTools.TestTypes.Unit.UnitTestAdapter, Microsoft.VisualStudio.QualityTools.Tips.UnitTest.Adapter, Version=12.0.0.0, Culture=neutral, PublicKeyToken=b03f5f7f11d50a3a" className="VersionOne.TeamSync.Core.Tests.new_epic_has_no_priority_set, VersionOne.TeamSync.Core.Tests, Version=1.1.0.20, Culture=neutral, PublicKeyToken=null" name="null_v1_priority_returns_empty_string" />
    </UnitTest>
    <UnitTest name="should_call_CreateEpic_on_jira_without_modifying_reserved_word" storage="c:\dev\repos\versionone.teamsync\versionone.teamsync.core.tests\bin\release\versionone.teamsync.core.tests.dll" id="7dc1a8ff-86e5-b22f-1e6d-8965b3c09bb3">
      <Execution id="53c230ac-5afc-4fbe-9468-390ad8645f53" />
      <TestMethod codeBase="C:/dev/repos/VersionOne.TeamSync/VersionOne.TeamSync.Core.Tests/bin/Release/VersionOne.TeamSync.Core.Tests.DLL" adapterTypeName="Microsoft.VisualStudio.TestTools.TestTypes.Unit.UnitTestAdapter, Microsoft.VisualStudio.QualityTools.Tips.UnitTest.Adapter, Version=12.0.0.0, Culture=neutral, PublicKeyToken=b03f5f7f11d50a3a" className="VersionOne.TeamSync.Core.Tests.and_the_jira_project_contains_a_reserved_word, VersionOne.TeamSync.Core.Tests, Version=1.1.0.20, Culture=neutral, PublicKeyToken=null" name="should_call_CreateEpic_on_jira_without_modifying_reserved_word" />
    </UnitTest>
    <UnitTest name="calls_GetEpicWithReference_once" storage="c:\dev\repos\versionone.teamsync\versionone.teamsync.core.tests\bin\release\versionone.teamsync.core.tests.dll" id="05f2803e-97dd-9c87-bb62-553a5a197614">
      <Execution id="2da1bb9a-5e36-423e-856b-110657e41e9e" />
      <TestMethod codeBase="C:/dev/repos/VersionOne.TeamSync/VersionOne.TeamSync.Core.Tests/bin/Release/VersionOne.TeamSync.Core.Tests.DLL" adapterTypeName="Microsoft.VisualStudio.TestTools.TestTypes.Unit.UnitTestAdapter, Microsoft.VisualStudio.QualityTools.Tips.UnitTest.Adapter, Version=12.0.0.0, Culture=neutral, PublicKeyToken=b03f5f7f11d50a3a" className="VersionOne.TeamSync.Core.Tests.Worker_when_there_are_no_epics_to_update, VersionOne.TeamSync.Core.Tests, Version=1.1.0.20, Culture=neutral, PublicKeyToken=null" name="calls_GetEpicWithReference_once" />
    </UnitTest>
    <UnitTest name="make_sure_its_getting_refereces_correctly" storage="c:\dev\repos\versionone.teamsync\versionone.teamsync.core.tests\bin\release\versionone.teamsync.core.tests.dll" id="f7f0b8a7-cf7f-ca25-9d15-baa8f7f78579">
      <Execution id="4d26f61a-9bb0-42ed-92d4-7cdaf437c0fb" />
      <Properties>
        <Property>
          <Key>__Internal_AsyncTypeName__</Key>
          <Value>VersionOne.TeamSync.Core.Tests.V1DomainTests+&lt;make_sure_its_getting_refereces_correctly&gt;d__2</Value>
        </Property>
      </Properties>
      <TestMethod codeBase="C:/dev/repos/VersionOne.TeamSync/VersionOne.TeamSync.Core.Tests/bin/Release/VersionOne.TeamSync.Core.Tests.DLL" adapterTypeName="Microsoft.VisualStudio.TestTools.TestTypes.Unit.UnitTestAdapter, Microsoft.VisualStudio.QualityTools.Tips.UnitTest.Adapter, Version=12.0.0.0, Culture=neutral, PublicKeyToken=b03f5f7f11d50a3a" className="VersionOne.TeamSync.Core.Tests.V1DomainTests, VersionOne.TeamSync.Core.Tests, Version=1.1.0.20, Culture=neutral, PublicKeyToken=null" name="make_sure_its_getting_refereces_correctly" />
    </UnitTest>
    <UnitTest name="should_call_logger_only_one_time" storage="c:\dev\repos\versionone.teamsync\versionone.teamsync.core.tests\bin\release\versionone.teamsync.core.tests.dll" id="5be88f42-415b-ed4c-6676-7af0dc752928">
      <Execution id="530e39dc-5844-41fb-8892-db6fd9748f37" />
      <TestMethod codeBase="C:/dev/repos/VersionOne.TeamSync/VersionOne.TeamSync.Core.Tests/bin/Release/VersionOne.TeamSync.Core.Tests.DLL" adapterTypeName="Microsoft.VisualStudio.TestTools.TestTypes.Unit.UnitTestAdapter, Microsoft.VisualStudio.QualityTools.Tips.UnitTest.Adapter, Version=12.0.0.0, Culture=neutral, PublicKeyToken=b03f5f7f11d50a3a" className="VersionOne.TeamSync.Core.Tests.dealing_with_a_property_that_isnt_visible, VersionOne.TeamSync.Core.Tests, Version=1.1.0.20, Culture=neutral, PublicKeyToken=null" name="should_call_logger_only_one_time" />
    </UnitTest>
    <UnitTest name="passed_in_workitem_becomes_actual_workItemId" storage="c:\dev\repos\versionone.teamsync\versionone.teamsync.core.tests\bin\release\versionone.teamsync.core.tests.dll" id="bd9f7548-9838-12f2-8291-82e96fd11935">
      <Execution id="d3916f94-f007-4b50-8ab4-670360537f0b" />
      <TestMethod codeBase="C:/dev/repos/VersionOne.TeamSync/VersionOne.TeamSync.Core.Tests/bin/Release/VersionOne.TeamSync.Core.Tests.DLL" adapterTypeName="Microsoft.VisualStudio.TestTools.TestTypes.Unit.UnitTestAdapter, Microsoft.VisualStudio.QualityTools.Tips.UnitTest.Adapter, Version=12.0.0.0, Culture=neutral, PublicKeyToken=b03f5f7f11d50a3a" className="VersionOne.TeamSync.Core.Tests.IssueExtensionTests, VersionOne.TeamSync.Core.Tests, Version=1.1.0.20, Culture=neutral, PublicKeyToken=null" name="passed_in_workitem_becomes_actual_workItemId" />
    </UnitTest>
    <UnitTest name="should_never_call_delete_asset" storage="c:\dev\repos\versionone.teamsync\versionone.teamsync.core.tests\bin\release\versionone.teamsync.core.tests.dll" id="b48af73c-bd52-31fe-f202-018d97d9fbe7">
      <Execution id="eb8a45ab-4db6-4fc3-a839-73e6df25b0f8" />
      <TestMethod codeBase="C:/dev/repos/VersionOne.TeamSync/VersionOne.TeamSync.Core.Tests/bin/Release/VersionOne.TeamSync.Core.Tests.DLL" adapterTypeName="Microsoft.VisualStudio.TestTools.TestTypes.Unit.UnitTestAdapter, Microsoft.VisualStudio.QualityTools.Tips.UnitTest.Adapter, Version=12.0.0.0, Culture=neutral, PublicKeyToken=b03f5f7f11d50a3a" className="VersionOne.TeamSync.Core.Tests.Workers.defect_delete, VersionOne.TeamSync.Core.Tests, Version=1.1.0.20, Culture=neutral, PublicKeyToken=null" name="should_never_call_delete_asset" />
    </UnitTest>
    <UnitTest name="should_call_delete_asset_just_one_time" storage="c:\dev\repos\versionone.teamsync\versionone.teamsync.core.tests\bin\release\versionone.teamsync.core.tests.dll" id="1f1d9103-b75a-300d-af44-8f44b9875c6e">
      <Execution id="5f425023-24ef-4d5d-8673-b8e54f811779" />
      <TestMethod codeBase="C:/dev/repos/VersionOne.TeamSync/VersionOne.TeamSync.Core.Tests/bin/Release/VersionOne.TeamSync.Core.Tests.DLL" adapterTypeName="Microsoft.VisualStudio.TestTools.TestTypes.Unit.UnitTestAdapter, Microsoft.VisualStudio.QualityTools.Tips.UnitTest.Adapter, Version=12.0.0.0, Culture=neutral, PublicKeyToken=b03f5f7f11d50a3a" className="VersionOne.TeamSync.Core.Tests.story_delete, VersionOne.TeamSync.Core.Tests, Version=1.1.0.20, Culture=neutral, PublicKeyToken=null" name="should_call_delete_asset_just_one_time" />
    </UnitTest>
    <UnitTest name="all_mocked_calls_are_called" storage="c:\dev\repos\versionone.teamsync\versionone.teamsync.core.tests\bin\release\versionone.teamsync.core.tests.dll" id="c553ed22-adc3-afe9-427c-07019092e292">
      <Execution id="ceb614bd-b8e5-4523-bd1b-ad6e1e9d46a3" />
      <TestMethod codeBase="C:/dev/repos/VersionOne.TeamSync/VersionOne.TeamSync.Core.Tests/bin/Release/VersionOne.TeamSync.Core.Tests.DLL" adapterTypeName="Microsoft.VisualStudio.TestTools.TestTypes.Unit.UnitTestAdapter, Microsoft.VisualStudio.QualityTools.Tips.UnitTest.Adapter, Version=12.0.0.0, Culture=neutral, PublicKeyToken=b03f5f7f11d50a3a" className="VersionOne.TeamSync.Core.Tests.Jira.Jira_SettingProjectToResolved_Tests, VersionOne.TeamSync.Core.Tests, Version=1.1.0.20, Culture=neutral, PublicKeyToken=null" name="all_mocked_calls_are_called" />
    </UnitTest>
    <UnitTest name="should_call_delete_asset_just_two_times" storage="c:\dev\repos\versionone.teamsync\versionone.teamsync.core.tests\bin\release\versionone.teamsync.core.tests.dll" id="dfb8df9a-3da8-8bf2-86dd-fd5f7a55d471">
      <Execution id="cc78a94f-eef7-4a9f-93de-48f16f752224" />
      <TestMethod codeBase="C:/dev/repos/VersionOne.TeamSync/VersionOne.TeamSync.Core.Tests/bin/Release/VersionOne.TeamSync.Core.Tests.DLL" adapterTypeName="Microsoft.VisualStudio.TestTools.TestTypes.Unit.UnitTestAdapter, Microsoft.VisualStudio.QualityTools.Tips.UnitTest.Adapter, Version=12.0.0.0, Culture=neutral, PublicKeyToken=b03f5f7f11d50a3a" className="VersionOne.TeamSync.Core.Tests.Workers.defect_delete, VersionOne.TeamSync.Core.Tests, Version=1.1.0.20, Culture=neutral, PublicKeyToken=null" name="should_call_delete_asset_just_two_times" />
    </UnitTest>
    <UnitTest name="calls_UpdateEpic_twice" storage="c:\dev\repos\versionone.teamsync\versionone.teamsync.core.tests\bin\release\versionone.teamsync.core.tests.dll" id="a69fc034-1d45-dd69-add3-e58400a5425e">
      <Execution id="efe99604-db0a-4739-8b67-0526d9c53877" />
      <TestMethod codeBase="C:/dev/repos/VersionOne.TeamSync/VersionOne.TeamSync.Core.Tests/bin/Release/VersionOne.TeamSync.Core.Tests.DLL" adapterTypeName="Microsoft.VisualStudio.TestTools.TestTypes.Unit.UnitTestAdapter, Microsoft.VisualStudio.QualityTools.Tips.UnitTest.Adapter, Version=12.0.0.0, Culture=neutral, PublicKeyToken=b03f5f7f11d50a3a" className="VersionOne.TeamSync.Core.Tests.Worker_when_there_are_no_updated_epics, VersionOne.TeamSync.Core.Tests, Version=1.1.0.20, Culture=neutral, PublicKeyToken=null" name="calls_UpdateEpic_twice" />
    </UnitTest>
    <UnitTest name="nullable_attribute_setter_builds_out_an_asset_payload" storage="c:\dev\repos\versionone.teamsync\versionone.teamsync.core.tests\bin\release\versionone.teamsync.core.tests.dll" id="b1940fb9-b21b-8e69-b650-19ad5a532e31">
      <Execution id="dc02695f-8621-457e-b588-b60c30f2acd5" />
      <TestMethod codeBase="C:/dev/repos/VersionOne.TeamSync/VersionOne.TeamSync.Core.Tests/bin/Release/VersionOne.TeamSync.Core.Tests.DLL" adapterTypeName="Microsoft.VisualStudio.TestTools.TestTypes.Unit.UnitTestAdapter, Microsoft.VisualStudio.QualityTools.Tips.UnitTest.Adapter, Version=12.0.0.0, Culture=neutral, PublicKeyToken=b03f5f7f11d50a3a" className="VersionOne.TeamSync.Core.Tests.Xml.SetNullableNodeTests, VersionOne.TeamSync.Core.Tests, Version=1.1.0.20, Culture=neutral, PublicKeyToken=null" name="nullable_attribute_setter_builds_out_an_asset_payload" />
    </UnitTest>
    <UnitTest name="should_not_update_the_issue" storage="c:\dev\repos\versionone.teamsync\versionone.teamsync.core.tests\bin\release\versionone.teamsync.core.tests.dll" id="6522519e-d94e-3af0-130e-0c6a670a9d88">
      <Execution id="32b3518d-3f6c-4af4-9f9f-e15a95e42f24" />
      <TestMethod codeBase="C:/dev/repos/VersionOne.TeamSync/VersionOne.TeamSync.Core.Tests/bin/Release/VersionOne.TeamSync.Core.Tests.DLL" adapterTypeName="Microsoft.VisualStudio.TestTools.TestTypes.Unit.UnitTestAdapter, Microsoft.VisualStudio.QualityTools.Tips.UnitTest.Adapter, Version=12.0.0.0, Culture=neutral, PublicKeyToken=b03f5f7f11d50a3a" className="VersionOne.TeamSync.Core.Tests.Workers.take_jira_bug_to_v1_defect_and_epic_is_closed, VersionOne.TeamSync.Core.Tests, Version=1.1.0.20, Culture=neutral, PublicKeyToken=null" name="should_not_update_the_issue" />
    </UnitTest>
    <UnitTest name="does_not_try_to_add_weblink" storage="c:\dev\repos\versionone.teamsync\versionone.teamsync.core.tests\bin\release\versionone.teamsync.core.tests.dll" id="c7f7202a-8b3e-78d6-c8c4-fba612765098">
      <Execution id="62787f9a-03f0-4ff4-b8a7-2c735a3dc754" />
      <TestMethod codeBase="C:/dev/repos/VersionOne.TeamSync/VersionOne.TeamSync.Core.Tests/bin/Release/VersionOne.TeamSync.Core.Tests.DLL" adapterTypeName="Microsoft.VisualStudio.TestTools.TestTypes.Unit.UnitTestAdapter, Microsoft.VisualStudio.QualityTools.Tips.UnitTest.Adapter, Version=12.0.0.0, Culture=neutral, PublicKeyToken=b03f5f7f11d50a3a" className="VersionOne.TeamSync.Core.Tests.Workers.take_jira_bug_to_v1_defect_and_epic_is_closed, VersionOne.TeamSync.Core.Tests, Version=1.1.0.20, Culture=neutral, PublicKeyToken=null" name="does_not_try_to_add_weblink" />
    </UnitTest>
    <UnitTest name="calls_SetEpicTo_ToDo_once" storage="c:\dev\repos\versionone.teamsync\versionone.teamsync.core.tests\bin\release\versionone.teamsync.core.tests.dll" id="77b086b5-a8d2-bfd1-9674-26994e90cc82">
      <Execution id="643ae2a7-4b37-46dc-9c75-d5b70b279b84" />
      <TestMethod codeBase="C:/dev/repos/VersionOne.TeamSync/VersionOne.TeamSync.Core.Tests/bin/Release/VersionOne.TeamSync.Core.Tests.DLL" adapterTypeName="Microsoft.VisualStudio.TestTools.TestTypes.Unit.UnitTestAdapter, Microsoft.VisualStudio.QualityTools.Tips.UnitTest.Adapter, Version=12.0.0.0, Culture=neutral, PublicKeyToken=b03f5f7f11d50a3a" className="VersionOne.TeamSync.Core.Tests.Worker_when_there_are_no_updated_epics, VersionOne.TeamSync.Core.Tests, Version=1.1.0.20, Culture=neutral, PublicKeyToken=null" name="calls_SetEpicTo_ToDo_once" />
    </UnitTest>
    <UnitTest name="epic_link_should_have_the_property_key" storage="c:\dev\repos\versionone.teamsync\versionone.teamsync.core.tests\bin\release\versionone.teamsync.core.tests.dll" id="092f652c-6cb2-faeb-6f1b-b217e61a7657">
      <DeploymentItems>
        <DeploymentItem filename="CreateMeta.json" />
      </DeploymentItems>
      <Execution id="94273319-d4b7-43e7-9256-b2c132b34a67" />
      <TestMethod codeBase="C:/dev/repos/VersionOne.TeamSync/VersionOne.TeamSync.Core.Tests/bin/Release/VersionOne.TeamSync.Core.Tests.DLL" adapterTypeName="Microsoft.VisualStudio.TestTools.TestTypes.Unit.UnitTestAdapter, Microsoft.VisualStudio.QualityTools.Tips.UnitTest.Adapter, Version=12.0.0.0, Culture=neutral, PublicKeyToken=b03f5f7f11d50a3a" className="VersionOne.TeamSync.Core.Tests.JsonConverter.MetaDataConverterTests, VersionOne.TeamSync.Core.Tests, Version=1.1.0.20, Culture=neutral, PublicKeyToken=null" name="epic_link_should_have_the_property_key" />
    </UnitTest>
    <UnitTest name="should_never_call_delete_asset" storage="c:\dev\repos\versionone.teamsync\versionone.teamsync.core.tests\bin\release\versionone.teamsync.core.tests.dll" id="738b9b02-b250-17cf-a2bf-0e9bd3db029a">
      <Execution id="1ac6bf87-53b0-468c-b7ff-27030b83dd99" />
      <TestMethod codeBase="C:/dev/repos/VersionOne.TeamSync/VersionOne.TeamSync.Core.Tests/bin/Release/VersionOne.TeamSync.Core.Tests.DLL" adapterTypeName="Microsoft.VisualStudio.TestTools.TestTypes.Unit.UnitTestAdapter, Microsoft.VisualStudio.QualityTools.Tips.UnitTest.Adapter, Version=12.0.0.0, Culture=neutral, PublicKeyToken=b03f5f7f11d50a3a" className="VersionOne.TeamSync.Core.Tests.story_delete, VersionOne.TeamSync.Core.Tests, Version=1.1.0.20, Culture=neutral, PublicKeyToken=null" name="should_never_call_delete_asset" />
    </UnitTest>
    <UnitTest name="should_call_CreateEpic_on_jira" storage="c:\dev\repos\versionone.teamsync\versionone.teamsync.core.tests\bin\release\versionone.teamsync.core.tests.dll" id="bf9fba92-d101-72d1-b02e-54a6ee65aac5">
      <Execution id="4e21fe1c-9895-4989-b1be-86ded013368b" />
      <TestMethod codeBase="C:/dev/repos/VersionOne.TeamSync/VersionOne.TeamSync.Core.Tests/bin/Release/VersionOne.TeamSync.Core.Tests.DLL" adapterTypeName="Microsoft.VisualStudio.TestTools.TestTypes.Unit.UnitTestAdapter, Microsoft.VisualStudio.QualityTools.Tips.UnitTest.Adapter, Version=12.0.0.0, Culture=neutral, PublicKeyToken=b03f5f7f11d50a3a" className="VersionOne.TeamSync.Core.Tests.and_it_is_a_mapped_project, VersionOne.TeamSync.Core.Tests, Version=1.1.0.20, Culture=neutral, PublicKeyToken=null" name="should_call_CreateEpic_on_jira" />
    </UnitTest>
    <UnitTest name="should_call_UpdateEpic_jira" storage="c:\dev\repos\versionone.teamsync\versionone.teamsync.core.tests\bin\release\versionone.teamsync.core.tests.dll" id="df0e66a9-c1e2-f5d8-ceca-ee706d763e19">
      <Execution id="a99ee66b-b51f-40e6-9f80-4428254bb9cf" />
      <TestMethod codeBase="C:/dev/repos/VersionOne.TeamSync/VersionOne.TeamSync.Core.Tests/bin/Release/VersionOne.TeamSync.Core.Tests.DLL" adapterTypeName="Microsoft.VisualStudio.TestTools.TestTypes.Unit.UnitTestAdapter, Microsoft.VisualStudio.QualityTools.Tips.UnitTest.Adapter, Version=12.0.0.0, Culture=neutral, PublicKeyToken=b03f5f7f11d50a3a" className="VersionOne.TeamSync.Core.Tests.Worker_when_there_is_1_epic_to_update_matching_one_in_jira, VersionOne.TeamSync.Core.Tests, Version=1.1.0.20, Culture=neutral, PublicKeyToken=null" name="should_call_UpdateEpic_jira" />
    </UnitTest>
    <UnitTest name="should_call_refresh_basic_info_for_newly_created_story" storage="c:\dev\repos\versionone.teamsync\versionone.teamsync.core.tests\bin\release\versionone.teamsync.core.tests.dll" id="7acbb2b0-21ed-c301-e881-d2cca6aebff8">
      <Execution id="109dd120-6c18-452f-8af3-f9ee08abe85f" />
      <TestMethod codeBase="C:/dev/repos/VersionOne.TeamSync/VersionOne.TeamSync.Core.Tests/bin/Release/VersionOne.TeamSync.Core.Tests.DLL" adapterTypeName="Microsoft.VisualStudio.TestTools.TestTypes.Unit.UnitTestAdapter, Microsoft.VisualStudio.QualityTools.Tips.UnitTest.Adapter, Version=12.0.0.0, Culture=neutral, PublicKeyToken=b03f5f7f11d50a3a" className="VersionOne.TeamSync.Core.Tests.StorySync.take_jira_story_to_v1_story, VersionOne.TeamSync.Core.Tests, Version=1.1.0.20, Culture=neutral, PublicKeyToken=null" name="should_call_refresh_basic_info_for_newly_created_story" />
    </UnitTest>
    <UnitTest name="santity_check" storage="c:\dev\repos\versionone.teamsync\versionone.teamsync.core.tests\bin\release\versionone.teamsync.core.tests.dll" id="c5196c18-7cb7-cace-e113-1d56ee33e8b6">
      <Execution id="82be5064-fc21-414c-987f-4539e09f96f9" />
      <TestMethod codeBase="C:/dev/repos/VersionOne.TeamSync/VersionOne.TeamSync.Core.Tests/bin/Release/VersionOne.TeamSync.Core.Tests.DLL" adapterTypeName="Microsoft.VisualStudio.TestTools.TestTypes.Unit.UnitTestAdapter, Microsoft.VisualStudio.QualityTools.Tips.UnitTest.Adapter, Version=12.0.0.0, Culture=neutral, PublicKeyToken=b03f5f7f11d50a3a" className="VersionOne.TeamSync.Core.Tests.EqualityTests_Story, VersionOne.TeamSync.Core.Tests, Version=1.1.0.20, Culture=neutral, PublicKeyToken=null" name="santity_check" />
    </UnitTest>
    <UnitTest name="should_log_a_message_about_the_closed_epic" storage="c:\dev\repos\versionone.teamsync\versionone.teamsync.core.tests\bin\release\versionone.teamsync.core.tests.dll" id="a352d131-f533-5210-4496-3c994dd49896">
      <Execution id="ace2d900-bfe2-408b-b1b5-20677b4a68fe" />
      <TestMethod codeBase="C:/dev/repos/VersionOne.TeamSync/VersionOne.TeamSync.Core.Tests/bin/Release/VersionOne.TeamSync.Core.Tests.DLL" adapterTypeName="Microsoft.VisualStudio.TestTools.TestTypes.Unit.UnitTestAdapter, Microsoft.VisualStudio.QualityTools.Tips.UnitTest.Adapter, Version=12.0.0.0, Culture=neutral, PublicKeyToken=b03f5f7f11d50a3a" className="VersionOne.TeamSync.Core.Tests.StorySync.and_the_status_is_normal_but_the_parent_epic_is_closed, VersionOne.TeamSync.Core.Tests, Version=1.1.0.20, Culture=neutral, PublicKeyToken=null" name="should_log_a_message_about_the_closed_epic" />
    </UnitTest>
    <UnitTest name="makes_a_call_add_a_comment_back_to_jira" storage="c:\dev\repos\versionone.teamsync\versionone.teamsync.core.tests\bin\release\versionone.teamsync.core.tests.dll" id="8ba803b4-4806-8ead-3e6f-9af6bbd72c25">
      <Execution id="172c383e-fa0c-43fa-9849-e9333e19adc3" />
      <TestMethod codeBase="C:/dev/repos/VersionOne.TeamSync/VersionOne.TeamSync.Core.Tests/bin/Release/VersionOne.TeamSync.Core.Tests.DLL" adapterTypeName="Microsoft.VisualStudio.TestTools.TestTypes.Unit.UnitTestAdapter, Microsoft.VisualStudio.QualityTools.Tips.UnitTest.Adapter, Version=12.0.0.0, Culture=neutral, PublicKeyToken=b03f5f7f11d50a3a" className="VersionOne.TeamSync.Core.Tests.orphan_story, VersionOne.TeamSync.Core.Tests, Version=1.1.0.20, Culture=neutral, PublicKeyToken=null" name="makes_a_call_add_a_comment_back_to_jira" />
    </UnitTest>
    <UnitTest name="should_sync_member_at_least_once" storage="c:\dev\repos\versionone.teamsync\versionone.teamsync.core.tests\bin\release\versionone.teamsync.core.tests.dll" id="6b4f5e4e-7af1-98ad-fcef-4532fd0a20f9">
      <Execution id="38ac967a-5723-42ee-822d-d495933ea6c6" />
      <TestMethod codeBase="C:/dev/repos/VersionOne.TeamSync/VersionOne.TeamSync.Core.Tests/bin/Release/VersionOne.TeamSync.Core.Tests.DLL" adapterTypeName="Microsoft.VisualStudio.TestTools.TestTypes.Unit.UnitTestAdapter, Microsoft.VisualStudio.QualityTools.Tips.UnitTest.Adapter, Version=12.0.0.0, Culture=neutral, PublicKeyToken=b03f5f7f11d50a3a" className="VersionOne.TeamSync.Core.Tests.new_defect_has_priority_set, VersionOne.TeamSync.Core.Tests, Version=1.1.0.20, Culture=neutral, PublicKeyToken=null" name="should_sync_member_at_least_once" />
    </UnitTest>
    <UnitTest name="never_calls_UpdateEpic" storage="c:\dev\repos\versionone.teamsync\versionone.teamsync.core.tests\bin\release\versionone.teamsync.core.tests.dll" id="8a0b398e-a0e8-4678-61b2-7d2cb59f8558">
      <Execution id="04f8ddcd-e96d-4184-82f6-b95caeca697d" />
      <TestMethod codeBase="C:/dev/repos/VersionOne.TeamSync/VersionOne.TeamSync.Core.Tests/bin/Release/VersionOne.TeamSync.Core.Tests.DLL" adapterTypeName="Microsoft.VisualStudio.TestTools.TestTypes.Unit.UnitTestAdapter, Microsoft.VisualStudio.QualityTools.Tips.UnitTest.Adapter, Version=12.0.0.0, Culture=neutral, PublicKeyToken=b03f5f7f11d50a3a" className="VersionOne.TeamSync.Core.Tests.Worker_when_there_are_no_epics_to_update, VersionOne.TeamSync.Core.Tests, Version=1.1.0.20, Culture=neutral, PublicKeyToken=null" name="never_calls_UpdateEpic" />
    </UnitTest>
    <UnitTest name="runs_func_when_things_line_up" storage="c:\dev\repos\versionone.teamsync\versionone.teamsync.core.tests\bin\release\versionone.teamsync.core.tests.dll" id="946dbe75-d34f-04b1-bf17-4cc8a4e62e1c">
      <Execution id="8df67b69-8dc2-45d9-bb00-21bef1d6f4a0" />
      <TestMethod codeBase="C:/dev/repos/VersionOne.TeamSync/VersionOne.TeamSync.Core.Tests/bin/Release/VersionOne.TeamSync.Core.Tests.DLL" adapterTypeName="Microsoft.VisualStudio.TestTools.TestTypes.Unit.UnitTestAdapter, Microsoft.VisualStudio.QualityTools.Tips.UnitTest.Adapter, Version=12.0.0.0, Culture=neutral, PublicKeyToken=b03f5f7f11d50a3a" className="VersionOne.TeamSync.Core.Tests.Executing_a_request_with_T_return, VersionOne.TeamSync.Core.Tests, Version=1.1.0.20, Culture=neutral, PublicKeyToken=null" name="runs_func_when_things_line_up" />
    </UnitTest>
    <UnitTest name="issue_story_points_becomes_estimates" storage="c:\dev\repos\versionone.teamsync\versionone.teamsync.core.tests\bin\release\versionone.teamsync.core.tests.dll" id="417b312d-1a92-5dd3-d042-5ef3a5ebf586">
      <Execution id="f0787670-2ff7-4a69-b816-ffe503579268" />
      <TestMethod codeBase="C:/dev/repos/VersionOne.TeamSync/VersionOne.TeamSync.Core.Tests/bin/Release/VersionOne.TeamSync.Core.Tests.DLL" adapterTypeName="Microsoft.VisualStudio.TestTools.TestTypes.Unit.UnitTestAdapter, Microsoft.VisualStudio.QualityTools.Tips.UnitTest.Adapter, Version=12.0.0.0, Culture=neutral, PublicKeyToken=b03f5f7f11d50a3a" className="VersionOne.TeamSync.Core.Tests.IssueExtensionTests, VersionOne.TeamSync.Core.Tests, Version=1.1.0.20, Culture=neutral, PublicKeyToken=null" name="issue_story_points_becomes_estimates" />
    </UnitTest>
    <UnitTest name="makes_a_call_add_a_comment_back_to_jira" storage="c:\dev\repos\versionone.teamsync\versionone.teamsync.core.tests\bin\release\versionone.teamsync.core.tests.dll" id="ac32892e-52d4-748a-b82a-570728ea6b9c">
      <Execution id="dd9d49fc-4163-4621-9a8b-d0611c8d25db" />
      <TestMethod codeBase="C:/dev/repos/VersionOne.TeamSync/VersionOne.TeamSync.Core.Tests/bin/Release/VersionOne.TeamSync.Core.Tests.DLL" adapterTypeName="Microsoft.VisualStudio.TestTools.TestTypes.Unit.UnitTestAdapter, Microsoft.VisualStudio.QualityTools.Tips.UnitTest.Adapter, Version=12.0.0.0, Culture=neutral, PublicKeyToken=b03f5f7f11d50a3a" className="VersionOne.TeamSync.Core.Tests.StorySync.take_jira_story_to_v1_story, VersionOne.TeamSync.Core.Tests, Version=1.1.0.20, Culture=neutral, PublicKeyToken=null" name="makes_a_call_add_a_comment_back_to_jira" />
    </UnitTest>
    <UnitTest name="should_call_EpicsWithoutReference_one_time" storage="c:\dev\repos\versionone.teamsync\versionone.teamsync.core.tests\bin\release\versionone.teamsync.core.tests.dll" id="70b37cdc-3485-6065-2708-77acdf8debbf">
      <Execution id="65ff1391-0356-4d3c-bb56-f46b61127e22" />
      <TestMethod codeBase="C:/dev/repos/VersionOne.TeamSync/VersionOne.TeamSync.Core.Tests/bin/Release/VersionOne.TeamSync.Core.Tests.DLL" adapterTypeName="Microsoft.VisualStudio.TestTools.TestTypes.Unit.UnitTestAdapter, Microsoft.VisualStudio.QualityTools.Tips.UnitTest.Adapter, Version=12.0.0.0, Culture=neutral, PublicKeyToken=b03f5f7f11d50a3a" className="VersionOne.TeamSync.Core.Tests.Worker_when_a_VersionOne_epic_is_closed_and_already_updated, VersionOne.TeamSync.Core.Tests, Version=1.1.0.20, Culture=neutral, PublicKeyToken=null" name="should_call_EpicsWithoutReference_one_time" />
    </UnitTest>
    <UnitTest name="makes_a_call_add_a_link_back_to_jira" storage="c:\dev\repos\versionone.teamsync\versionone.teamsync.core.tests\bin\release\versionone.teamsync.core.tests.dll" id="78856f2d-8b60-8e7c-3574-e86b73004bf5">
      <Execution id="23963a20-e0d8-47a4-9688-f3b609e8e30b" />
      <TestMethod codeBase="C:/dev/repos/VersionOne.TeamSync/VersionOne.TeamSync.Core.Tests/bin/Release/VersionOne.TeamSync.Core.Tests.DLL" adapterTypeName="Microsoft.VisualStudio.TestTools.TestTypes.Unit.UnitTestAdapter, Microsoft.VisualStudio.QualityTools.Tips.UnitTest.Adapter, Version=12.0.0.0, Culture=neutral, PublicKeyToken=b03f5f7f11d50a3a" className="VersionOne.TeamSync.Core.Tests.StorySync.take_jira_story_to_v1_story, VersionOne.TeamSync.Core.Tests, Version=1.1.0.20, Culture=neutral, PublicKeyToken=null" name="makes_a_call_add_a_link_back_to_jira" />
    </UnitTest>
    <UnitTest name="should_call_update_asset_just_one_time" storage="c:\dev\repos\versionone.teamsync\versionone.teamsync.core.tests\bin\release\versionone.teamsync.core.tests.dll" id="c9408e43-b48c-755d-2cb9-59411aa56115">
      <Execution id="306d56ef-aae7-4ca3-9e89-40480462b8bc" />
      <TestMethod codeBase="C:/dev/repos/VersionOne.TeamSync/VersionOne.TeamSync.Core.Tests/bin/Release/VersionOne.TeamSync.Core.Tests.DLL" adapterTypeName="Microsoft.VisualStudio.TestTools.TestTypes.Unit.UnitTestAdapter, Microsoft.VisualStudio.QualityTools.Tips.UnitTest.Adapter, Version=12.0.0.0, Culture=neutral, PublicKeyToken=b03f5f7f11d50a3a" className="VersionOne.TeamSync.Core.Tests.story_update, VersionOne.TeamSync.Core.Tests, Version=1.1.0.20, Culture=neutral, PublicKeyToken=null" name="should_call_update_asset_just_one_time" />
    </UnitTest>
    <UnitTest name="should_log_an_error" storage="c:\dev\repos\versionone.teamsync\versionone.teamsync.core.tests\bin\release\versionone.teamsync.core.tests.dll" id="31fdf3c3-efce-7f82-e297-86b7f8594416">
      <Execution id="f9c5e13b-8daa-42e7-a86e-01da1ebcf0ba" />
      <TestMethod codeBase="C:/dev/repos/VersionOne.TeamSync/VersionOne.TeamSync.Core.Tests/bin/Release/VersionOne.TeamSync.Core.Tests.DLL" adapterTypeName="Microsoft.VisualStudio.TestTools.TestTypes.Unit.UnitTestAdapter, Microsoft.VisualStudio.QualityTools.Tips.UnitTest.Adapter, Version=12.0.0.0, Culture=neutral, PublicKeyToken=b03f5f7f11d50a3a" className="VersionOne.TeamSync.Core.Tests.Workers.take_jira_bug_to_v1_defect_and_epic_is_closed, VersionOne.TeamSync.Core.Tests, Version=1.1.0.20, Culture=neutral, PublicKeyToken=null" name="should_log_an_error" />
    </UnitTest>
    <UnitTest name="different_super_means_update" storage="c:\dev\repos\versionone.teamsync\versionone.teamsync.core.tests\bin\release\versionone.teamsync.core.tests.dll" id="8bfa94cf-8ab2-63c7-7e1f-b761235c58ff">
      <Execution id="62418da4-2196-46c4-b44e-17ef7607f298" />
      <TestMethod codeBase="C:/dev/repos/VersionOne.TeamSync/VersionOne.TeamSync.Core.Tests/bin/Release/VersionOne.TeamSync.Core.Tests.DLL" adapterTypeName="Microsoft.VisualStudio.TestTools.TestTypes.Unit.UnitTestAdapter, Microsoft.VisualStudio.QualityTools.Tips.UnitTest.Adapter, Version=12.0.0.0, Culture=neutral, PublicKeyToken=b03f5f7f11d50a3a" className="VersionOne.TeamSync.Core.Tests.EqualityTests_Defect, VersionOne.TeamSync.Core.Tests, Version=1.1.0.20, Culture=neutral, PublicKeyToken=null" name="different_super_means_update" />
    </UnitTest>
    <UnitTest name="has_two_parameters" storage="c:\dev\repos\versionone.teamsync\versionone.teamsync.core.tests\bin\release\versionone.teamsync.core.tests.dll" id="d9b6340b-309c-68ea-73bc-798deffc761a">
      <Execution id="52902f0f-2475-4852-b5b0-f2649e268a51" />
      <Properties>
        <Property>
          <Key>__Internal_DeclaringClassName__</Key>
          <Value>VersionOne.TeamSync.Core.Tests.when_using_search</Value>
        </Property>
      </Properties>
      <TestMethod codeBase="C:/dev/repos/VersionOne.TeamSync/VersionOne.TeamSync.Core.Tests/bin/Release/VersionOne.TeamSync.Core.Tests.DLL" adapterTypeName="Microsoft.VisualStudio.TestTools.TestTypes.Unit.UnitTestAdapter, Microsoft.VisualStudio.QualityTools.Tips.UnitTest.Adapter, Version=12.0.0.0, Culture=neutral, PublicKeyToken=b03f5f7f11d50a3a" className="VersionOne.TeamSync.Core.Tests.and_the_project_is_not_a_reserved_word, VersionOne.TeamSync.Core.Tests, Version=1.1.0.20, Culture=neutral, PublicKeyToken=null" name="has_two_parameters" />
    </UnitTest>
    <UnitTest name="should_call_update_asset_just_one_time" storage="c:\dev\repos\versionone.teamsync\versionone.teamsync.core.tests\bin\release\versionone.teamsync.core.tests.dll" id="5e813e99-13b7-8be8-7418-43913bfdaf9e">
      <Execution id="c163c09a-0b2f-495d-be9c-89ea1b1e8411" />
      <Properties>
        <Property>
          <Key>__Internal_DeclaringClassName__</Key>
          <Value>VersionOne.TeamSync.Core.Tests.story_update</Value>
        </Property>
      </Properties>
      <TestMethod codeBase="C:/dev/repos/VersionOne.TeamSync/VersionOne.TeamSync.Core.Tests/bin/Release/VersionOne.TeamSync.Core.Tests.DLL" adapterTypeName="Microsoft.VisualStudio.TestTools.TestTypes.Unit.UnitTestAdapter, Microsoft.VisualStudio.QualityTools.Tips.UnitTest.Adapter, Version=12.0.0.0, Culture=neutral, PublicKeyToken=b03f5f7f11d50a3a" className="VersionOne.TeamSync.Core.Tests.modified_story_has_priority_set, VersionOne.TeamSync.Core.Tests, Version=1.1.0.20, Culture=neutral, PublicKeyToken=null" name="should_call_update_asset_just_one_time" />
    </UnitTest>
    <UnitTest name="do_not_call_the_jira_api" storage="c:\dev\repos\versionone.teamsync\versionone.teamsync.core.tests\bin\release\versionone.teamsync.core.tests.dll" id="2aafe21f-2e79-4af4-70c2-e807c50a674a">
      <Execution id="1eb7e40d-4467-49c2-8734-f17665b108cc" />
      <TestMethod codeBase="C:/dev/repos/VersionOne.TeamSync/VersionOne.TeamSync.Core.Tests/bin/Release/VersionOne.TeamSync.Core.Tests.DLL" adapterTypeName="Microsoft.VisualStudio.TestTools.TestTypes.Unit.UnitTestAdapter, Microsoft.VisualStudio.QualityTools.Tips.UnitTest.Adapter, Version=12.0.0.0, Culture=neutral, PublicKeyToken=b03f5f7f11d50a3a" className="VersionOne.TeamSync.Core.Tests.Worker_when_there_are_no_new_epics, VersionOne.TeamSync.Core.Tests, Version=1.1.0.20, Culture=neutral, PublicKeyToken=null" name="do_not_call_the_jira_api" />
    </UnitTest>
    <UnitTest name="defects_first_owner_should_be_Member20" storage="c:\dev\repos\versionone.teamsync\versionone.teamsync.core.tests\bin\release\versionone.teamsync.core.tests.dll" id="1257cc2f-f8b3-8f0c-13ef-bf8becdc06ab">
      <Execution id="97a2a327-96a9-41ec-a1ac-dd204e564ddf" />
      <TestMethod codeBase="C:/dev/repos/VersionOne.TeamSync/VersionOne.TeamSync.Core.Tests/bin/Release/VersionOne.TeamSync.Core.Tests.DLL" adapterTypeName="Microsoft.VisualStudio.TestTools.TestTypes.Unit.UnitTestAdapter, Microsoft.VisualStudio.QualityTools.Tips.UnitTest.Adapter, Version=12.0.0.0, Culture=neutral, PublicKeyToken=b03f5f7f11d50a3a" className="VersionOne.TeamSync.Core.Tests.Xml.Defect_Tests, VersionOne.TeamSync.Core.Tests, Version=1.1.0.20, Culture=neutral, PublicKeyToken=null" name="defects_first_owner_should_be_Member20" />
    </UnitTest>
    <UnitTest name="epic_name_should_have_the_property_key" storage="c:\dev\repos\versionone.teamsync\versionone.teamsync.core.tests\bin\release\versionone.teamsync.core.tests.dll" id="e3919975-5055-d42b-f6e0-fdcdc63f41d3">
      <DeploymentItems>
        <DeploymentItem filename="CreateMeta.json" />
      </DeploymentItems>
      <Execution id="564a7b8e-b745-42bf-9537-23f7047eabba" />
      <TestMethod codeBase="C:/dev/repos/VersionOne.TeamSync/VersionOne.TeamSync.Core.Tests/bin/Release/VersionOne.TeamSync.Core.Tests.DLL" adapterTypeName="Microsoft.VisualStudio.TestTools.TestTypes.Unit.UnitTestAdapter, Microsoft.VisualStudio.QualityTools.Tips.UnitTest.Adapter, Version=12.0.0.0, Culture=neutral, PublicKeyToken=b03f5f7f11d50a3a" className="VersionOne.TeamSync.Core.Tests.JsonConverter.MetaDataConverterTests, VersionOne.TeamSync.Core.Tests, Version=1.1.0.20, Culture=neutral, PublicKeyToken=null" name="epic_name_should_have_the_property_key" />
    </UnitTest>
    <UnitTest name="should_send_the_right_story_to_be_updated" storage="c:\dev\repos\versionone.teamsync\versionone.teamsync.core.tests\bin\release\versionone.teamsync.core.tests.dll" id="3c105b00-fd2f-2b14-04e3-a74a6cd955e6">
      <Execution id="94624381-619f-4a7f-b693-1f55a1cf94af" />
      <TestMethod codeBase="C:/dev/repos/VersionOne.TeamSync/VersionOne.TeamSync.Core.Tests/bin/Release/VersionOne.TeamSync.Core.Tests.DLL" adapterTypeName="Microsoft.VisualStudio.TestTools.TestTypes.Unit.UnitTestAdapter, Microsoft.VisualStudio.QualityTools.Tips.UnitTest.Adapter, Version=12.0.0.0, Culture=neutral, PublicKeyToken=b03f5f7f11d50a3a" className="VersionOne.TeamSync.Core.Tests.story_update, VersionOne.TeamSync.Core.Tests, Version=1.1.0.20, Culture=neutral, PublicKeyToken=null" name="should_send_the_right_story_to_be_updated" />
    </UnitTest>
    <UnitTest name="should_sync_member_at_least_once" storage="c:\dev\repos\versionone.teamsync\versionone.teamsync.core.tests\bin\release\versionone.teamsync.core.tests.dll" id="653829f3-59e9-e183-a03c-0280008797ef">
      <Execution id="3b5e6728-ca7d-4cff-8599-ce4096e3f3cb" />
      <TestMethod codeBase="C:/dev/repos/VersionOne.TeamSync/VersionOne.TeamSync.Core.Tests/bin/Release/VersionOne.TeamSync.Core.Tests.DLL" adapterTypeName="Microsoft.VisualStudio.TestTools.TestTypes.Unit.UnitTestAdapter, Microsoft.VisualStudio.QualityTools.Tips.UnitTest.Adapter, Version=12.0.0.0, Culture=neutral, PublicKeyToken=b03f5f7f11d50a3a" className="VersionOne.TeamSync.Core.Tests.modified_story_has_priority_set, VersionOne.TeamSync.Core.Tests, Version=1.1.0.20, Culture=neutral, PublicKeyToken=null" name="should_sync_member_at_least_once" />
    </UnitTest>
    <UnitTest name="should_sync_member_at_least_once" storage="c:\dev\repos\versionone.teamsync\versionone.teamsync.core.tests\bin\release\versionone.teamsync.core.tests.dll" id="4bb2f22e-8f2e-50bf-761a-de5b84ba02b0">
      <Execution id="cbee639c-5d6c-4f8f-a7f2-7b308bfdf76b" />
      <TestMethod codeBase="C:/dev/repos/VersionOne.TeamSync/VersionOne.TeamSync.Core.Tests/bin/Release/VersionOne.TeamSync.Core.Tests.DLL" adapterTypeName="Microsoft.VisualStudio.TestTools.TestTypes.Unit.UnitTestAdapter, Microsoft.VisualStudio.QualityTools.Tips.UnitTest.Adapter, Version=12.0.0.0, Culture=neutral, PublicKeyToken=b03f5f7f11d50a3a" className="VersionOne.TeamSync.Core.Tests.modified_defect_has_priority_set, VersionOne.TeamSync.Core.Tests, Version=1.1.0.20, Culture=neutral, PublicKeyToken=null" name="should_sync_member_at_least_once" />
    </UnitTest>
    <UnitTest name="should_call_CreateEpic_on_jira" storage="c:\dev\repos\versionone.teamsync\versionone.teamsync.core.tests\bin\release\versionone.teamsync.core.tests.dll" id="86b517be-554f-79f2-b176-5a6dac571c50">
      <Execution id="e0399313-c61b-4459-bb0e-0e33c429e813" />
      <TestMethod codeBase="C:/dev/repos/VersionOne.TeamSync/VersionOne.TeamSync.Core.Tests/bin/Release/VersionOne.TeamSync.Core.Tests.DLL" adapterTypeName="Microsoft.VisualStudio.TestTools.TestTypes.Unit.UnitTestAdapter, Microsoft.VisualStudio.QualityTools.Tips.UnitTest.Adapter, Version=12.0.0.0, Culture=neutral, PublicKeyToken=b03f5f7f11d50a3a" className="VersionOne.TeamSync.Core.Tests.Worker_when_a_VersionOne_epic_is_closed, VersionOne.TeamSync.Core.Tests, Version=1.1.0.20, Culture=neutral, PublicKeyToken=null" name="should_call_CreateEpic_on_jira" />
    </UnitTest>
    <UnitTest name="should_have_one_segment_for_epic_link" storage="c:\dev\repos\versionone.teamsync\versionone.teamsync.core.tests\bin\release\versionone.teamsync.core.tests.dll" id="1e9ff314-7c92-3090-8a5f-66e27262b6a4">
      <Execution id="cd2a9ea7-f4a8-4acf-99e7-307526520f99" />
      <TestMethod codeBase="C:/dev/repos/VersionOne.TeamSync/VersionOne.TeamSync.Core.Tests/bin/Release/VersionOne.TeamSync.Core.Tests.DLL" adapterTypeName="Microsoft.VisualStudio.TestTools.TestTypes.Unit.UnitTestAdapter, Microsoft.VisualStudio.QualityTools.Tips.UnitTest.Adapter, Version=12.0.0.0, Culture=neutral, PublicKeyToken=b03f5f7f11d50a3a" className="VersionOne.TeamSync.Core.Tests.getting_orphan_stories_in_a_jira_project, VersionOne.TeamSync.Core.Tests, Version=1.1.0.20, Culture=neutral, PublicKeyToken=null" name="should_have_one_segment_for_epic_link" />
    </UnitTest>
    <UnitTest name="should_not_match_if_the_key_is_different" storage="c:\dev\repos\versionone.teamsync\versionone.teamsync.core.tests\bin\release\versionone.teamsync.core.tests.dll" id="74a39df2-266a-2c24-cb6d-2361da1084b2">
      <Execution id="6cbba6f2-8949-4877-b7b5-54fa8948f8ae" />
      <TestMethod codeBase="C:/dev/repos/VersionOne.TeamSync/VersionOne.TeamSync.Core.Tests/bin/Release/VersionOne.TeamSync.Core.Tests.DLL" adapterTypeName="Microsoft.VisualStudio.TestTools.TestTypes.Unit.UnitTestAdapter, Microsoft.VisualStudio.QualityTools.Tips.UnitTest.Adapter, Version=12.0.0.0, Culture=neutral, PublicKeyToken=b03f5f7f11d50a3a" className="VersionOne.TeamSync.Core.Tests.IssueExtension_MatchesTests, VersionOne.TeamSync.Core.Tests, Version=1.1.0.20, Culture=neutral, PublicKeyToken=null" name="should_not_match_if_the_key_is_different" />
    </UnitTest>
    <UnitTest name="makes_a_call_to_update_the_issue_in_jira_with_defect_number" storage="c:\dev\repos\versionone.teamsync\versionone.teamsync.core.tests\bin\release\versionone.teamsync.core.tests.dll" id="60f20247-c635-4390-14c5-84b1e76ce5bc">
      <Execution id="c001c801-0299-460e-8bcc-5f42b11dad24" />
      <TestMethod codeBase="C:/dev/repos/VersionOne.TeamSync/VersionOne.TeamSync.Core.Tests/bin/Release/VersionOne.TeamSync.Core.Tests.DLL" adapterTypeName="Microsoft.VisualStudio.TestTools.TestTypes.Unit.UnitTestAdapter, Microsoft.VisualStudio.QualityTools.Tips.UnitTest.Adapter, Version=12.0.0.0, Culture=neutral, PublicKeyToken=b03f5f7f11d50a3a" className="VersionOne.TeamSync.Core.Tests.Workers.orphan_defect, VersionOne.TeamSync.Core.Tests, Version=1.1.0.20, Culture=neutral, PublicKeyToken=null" name="makes_a_call_to_update_the_issue_in_jira_with_defect_number" />
    </UnitTest>
    <UnitTest name="worklog_timeSpentSeconds_becomes_value" storage="c:\dev\repos\versionone.teamsync\versionone.teamsync.core.tests\bin\release\versionone.teamsync.core.tests.dll" id="9a393d67-6073-9508-90ab-6ca1a437584b">
      <Execution id="b1f7c509-caec-44db-a59b-820bd5784d97" />
      <TestMethod codeBase="C:/dev/repos/VersionOne.TeamSync/VersionOne.TeamSync.Core.Tests/bin/Release/VersionOne.TeamSync.Core.Tests.DLL" adapterTypeName="Microsoft.VisualStudio.TestTools.TestTypes.Unit.UnitTestAdapter, Microsoft.VisualStudio.QualityTools.Tips.UnitTest.Adapter, Version=12.0.0.0, Culture=neutral, PublicKeyToken=b03f5f7f11d50a3a" className="VersionOne.TeamSync.Core.Tests.IssueExtensionTests, VersionOne.TeamSync.Core.Tests, Version=1.1.0.20, Culture=neutral, PublicKeyToken=null" name="worklog_timeSpentSeconds_becomes_value" />
    </UnitTest>
    <UnitTest name="should_sync_member_at_least_once" storage="c:\dev\repos\versionone.teamsync\versionone.teamsync.core.tests\bin\release\versionone.teamsync.core.tests.dll" id="3e71f309-cbfd-7f69-9bab-0a267b93a181">
      <Execution id="cdad9080-88d7-44a9-ba6e-0144da927b41" />
      <TestMethod codeBase="C:/dev/repos/VersionOne.TeamSync/VersionOne.TeamSync.Core.Tests/bin/Release/VersionOne.TeamSync.Core.Tests.DLL" adapterTypeName="Microsoft.VisualStudio.TestTools.TestTypes.Unit.UnitTestAdapter, Microsoft.VisualStudio.QualityTools.Tips.UnitTest.Adapter, Version=12.0.0.0, Culture=neutral, PublicKeyToken=b03f5f7f11d50a3a" className="VersionOne.TeamSync.Core.Tests.Workers.defect_with_assignee, VersionOne.TeamSync.Core.Tests, Version=1.1.0.20, Culture=neutral, PublicKeyToken=null" name="should_sync_member_at_least_once" />
    </UnitTest>
    <UnitTest name="should_have_one_segment_for_project_key" storage="c:\dev\repos\versionone.teamsync\versionone.teamsync.core.tests\bin\release\versionone.teamsync.core.tests.dll" id="4b918b26-ba6e-e0b3-1129-e78f7dd426f7">
      <Execution id="ce13592a-8357-40c3-85ea-f09e323279e9" />
      <TestMethod codeBase="C:/dev/repos/VersionOne.TeamSync/VersionOne.TeamSync.Core.Tests/bin/Release/VersionOne.TeamSync.Core.Tests.DLL" adapterTypeName="Microsoft.VisualStudio.TestTools.TestTypes.Unit.UnitTestAdapter, Microsoft.VisualStudio.QualityTools.Tips.UnitTest.Adapter, Version=12.0.0.0, Culture=neutral, PublicKeyToken=b03f5f7f11d50a3a" className="VersionOne.TeamSync.Core.Tests.getting_orphan_stories_in_a_jira_project, VersionOne.TeamSync.Core.Tests, Version=1.1.0.20, Culture=neutral, PublicKeyToken=null" name="should_have_one_segment_for_project_key" />
    </UnitTest>
    <UnitTest name="makes_a_call_add_a_comment_back_to_jira" storage="c:\dev\repos\versionone.teamsync\versionone.teamsync.core.tests\bin\release\versionone.teamsync.core.tests.dll" id="fa1d8d54-9144-7948-6d7b-f31aff65e9e0">
      <Execution id="ec6b92dd-adbf-4a18-8657-60b709bee183" />
      <TestMethod codeBase="C:/dev/repos/VersionOne.TeamSync/VersionOne.TeamSync.Core.Tests/bin/Release/VersionOne.TeamSync.Core.Tests.DLL" adapterTypeName="Microsoft.VisualStudio.TestTools.TestTypes.Unit.UnitTestAdapter, Microsoft.VisualStudio.QualityTools.Tips.UnitTest.Adapter, Version=12.0.0.0, Culture=neutral, PublicKeyToken=b03f5f7f11d50a3a" className="VersionOne.TeamSync.Core.Tests.Workers.child_defect, VersionOne.TeamSync.Core.Tests, Version=1.1.0.20, Culture=neutral, PublicKeyToken=null" name="makes_a_call_add_a_comment_back_to_jira" />
    </UnitTest>
[...]
    </UnitTestResult>
    <UnitTestResult executionId="b34ab316-f618-4d31-a7bf-b34a2c0f419f" testId="d12f9d7b-01f9-827c-bb92-a30b59b6e30c" testName="should_call_delete_asset_just_one_time" computerName="EXOI7" duration="00:00:00.0058401" startTime="2016-01-04T16:20:04.3305999-03:00" endTime="2016-01-04T16:20:04.3386004-03:00" testType="13cdc9d9-ddb5-4fa4-a97d-d965ccfc6d4b" outcome="Passed" testListId="8c84fa94-04c1-424b-9868-57a2d4851a1d" relativeResultsDirectory="b34ab316-f618-4d31-a7bf-b34a2c0f419f">
    </UnitTestResult>
    <UnitTestResult executionId="cc78a94f-eef7-4a9f-93de-48f16f752224" testId="dfb8df9a-3da8-8bf2-86dd-fd5f7a55d471" testName="should_call_delete_asset_just_two_times" computerName="EXOI7" duration="00:00:00.0039872" startTime="2016-01-04T16:20:04.3396004-03:00" endTime="2016-01-04T16:20:04.3456008-03:00" testType="13cdc9d9-ddb5-4fa4-a97d-d965ccfc6d4b" outcome="Passed" testListId="8c84fa94-04c1-424b-9868-57a2d4851a1d" relativeResultsDirectory="cc78a94f-eef7-4a9f-93de-48f16f752224">
    </UnitTestResult>
    <UnitTestResult executionId="eb8a45ab-4db6-4fc3-a839-73e6df25b0f8" testId="b48af73c-bd52-31fe-f202-018d97d9fbe7" testName="should_never_call_delete_asset" computerName="EXOI7" duration="00:00:00.0032650" startTime="2016-01-04T16:20:04.3466008-03:00" endTime="2016-01-04T16:20:04.3506011-03:00" testType="13cdc9d9-ddb5-4fa4-a97d-d965ccfc6d4b" outcome="Passed" testListId="8c84fa94-04c1-424b-9868-57a2d4851a1d" relativeResultsDirectory="eb8a45ab-4db6-4fc3-a839-73e6df25b0f8">
    </UnitTestResult>
    <UnitTestResult executionId="a0c37829-9f9c-432b-a49f-a2069fb33eed" testId="cfb54f8c-901a-13d6-219a-5683973ac8a8" testName="should_call_update_asset_just_one_time" computerName="EXOI7" duration="00:00:00.0040082" startTime="2016-01-04T16:20:04.3516011-03:00" endTime="2016-01-04T16:20:04.3576015-03:00" testType="13cdc9d9-ddb5-4fa4-a97d-d965ccfc6d4b" outcome="Passed" testListId="8c84fa94-04c1-424b-9868-57a2d4851a1d" relativeResultsDirectory="a0c37829-9f9c-432b-a49f-a2069fb33eed">
    </UnitTestResult>
    <UnitTestResult executionId="7272bf9c-c10b-4d40-a0fc-ca44c9c7b09e" testId="28e60a61-0878-9f4b-b6af-124887e573cd" testName="should_send_the_right_defect_to_be_updated" computerName="EXOI7" duration="00:00:00.0040907" startTime="2016-01-04T16:20:04.3586015-03:00" endTime="2016-01-04T16:20:04.3636018-03:00" testType="13cdc9d9-ddb5-4fa4-a97d-d965ccfc6d4b" outcome="Passed" testListId="8c84fa94-04c1-424b-9868-57a2d4851a1d" relativeResultsDirectory="7272bf9c-c10b-4d40-a0fc-ca44c9c7b09e">
    </UnitTestResult>
    <UnitTestResult executionId="c343eb86-6b34-4e9d-8464-c2c10dd53072" testId="f91a655e-75f1-507b-50e8-929d1283c785" testName="should_log_a_message_about_the_closed_epic" computerName="EXOI7" duration="00:00:00.0068916" startTime="2016-01-04T16:20:04.3656019-03:00" endTime="2016-01-04T16:20:04.3746024-03:00" testType="13cdc9d9-ddb5-4fa4-a97d-d965ccfc6d4b" outcome="Passed" testListId="8c84fa94-04c1-424b-9868-57a2d4851a1d" relativeResultsDirectory="c343eb86-6b34-4e9d-8464-c2c10dd53072">
    </UnitTestResult>
    <UnitTestResult executionId="5aeea55e-5df4-4fc9-abb6-a0b7d2df7d4a" testId="bb358b37-78fd-81d1-baa4-f9cf0cda2deb" testName="should_not_call_either_operations_to_close_or_reopen" computerName="EXOI7" duration="00:00:00.0046753" startTime="2016-01-04T16:20:04.3756025-03:00" endTime="2016-01-04T16:20:04.3816028-03:00" testType="13cdc9d9-ddb5-4fa4-a97d-d965ccfc6d4b" outcome="Passed" testListId="8c84fa94-04c1-424b-9868-57a2d4851a1d" relativeResultsDirectory="5aeea55e-5df4-4fc9-abb6-a0b7d2df7d4a">
    </UnitTestResult>
    <UnitTestResult executionId="51e51747-eeb7-4ba1-8a62-e9b0cd530897" testId="38ca118a-a5c8-8af5-c156-a5df1d38ec3b" testName="should_not_update_the_parent_epic" computerName="EXOI7" duration="00:00:00.0028727" startTime="2016-01-04T16:20:04.3826029-03:00" endTime="2016-01-04T16:20:04.3876032-03:00" testType="13cdc9d9-ddb5-4fa4-a97d-d965ccfc6d4b" outcome="Passed" testListId="8c84fa94-04c1-424b-9868-57a2d4851a1d" relativeResultsDirectory="51e51747-eeb7-4ba1-8a62-e9b0cd530897">
    </UnitTestResult>
    <UnitTestResult executionId="a30de006-c61d-4937-a109-c8b7f4047f0f" testId="8e5cd2db-d492-e1ca-643c-a87bc43cf683" testName="should_pass_along_data_to_update_story" computerName="EXOI7" duration="00:00:00.0029441" startTime="2016-01-04T16:20:04.3886032-03:00" endTime="2016-01-04T16:20:04.3936035-03:00" testType="13cdc9d9-ddb5-4fa4-a97d-d965ccfc6d4b" outcome="Passed" testListId="8c84fa94-04c1-424b-9868-57a2d4851a1d" relativeResultsDirectory="a30de006-c61d-4937-a109-c8b7f4047f0f">
    </UnitTestResult>
    <UnitTestResult executionId="af3484da-92ff-49d5-8293-7c17977a8fec" testId="cd820eea-807c-cb79-ee75-c43d855a4c6d" testName="should_update_the_asset_once" computerName="EXOI7" duration="00:00:00.0036891" startTime="2016-01-04T16:20:04.3936035-03:00" endTime="2016-01-04T16:20:04.3996039-03:00" testType="13cdc9d9-ddb5-4fa4-a97d-d965ccfc6d4b" outcome="Passed" testListId="8c84fa94-04c1-424b-9868-57a2d4851a1d" relativeResultsDirectory="af3484da-92ff-49d5-8293-7c17977a8fec">
    </UnitTestResult>
    <UnitTestResult executionId="cdad9080-88d7-44a9-ba6e-0144da927b41" testId="3e71f309-cbfd-7f69-9bab-0a267b93a181" testName="should_sync_member_at_least_once" computerName="EXOI7" duration="00:00:00.0072070" startTime="2016-01-04T16:20:04.3996039-03:00" endTime="2016-01-04T16:20:04.4086044-03:00" testType="13cdc9d9-ddb5-4fa4-a97d-d965ccfc6d4b" outcome="Passed" testListId="8c84fa94-04c1-424b-9868-57a2d4851a1d" relativeResultsDirectory="cdad9080-88d7-44a9-ba6e-0144da927b41">
    </UnitTestResult>
    <UnitTestResult executionId="d2dfc552-7e12-4673-8bd1-630895b4e323" testId="0eae1952-ed41-eb57-c02f-2b307116a3fb" testName="makes_a_call_add_a_comment_back_to_jira" computerName="EXOI7" duration="00:00:00.0040954" startTime="2016-01-04T16:20:04.4096044-03:00" endTime="2016-01-04T16:20:04.4156048-03:00" testType="13cdc9d9-ddb5-4fa4-a97d-d965ccfc6d4b" outcome="Passed" testListId="8c84fa94-04c1-424b-9868-57a2d4851a1d" relativeResultsDirectory="d2dfc552-7e12-4673-8bd1-630895b4e323">
    </UnitTestResult>
    <UnitTestResult executionId="d3c63ee6-a96e-41e2-bd7a-27d093878793" testId="7c45da67-691d-5bd4-21b6-f709a5c0841a" testName="makes_a_call_add_a_link_back_to_jira" computerName="EXOI7" duration="00:00:00.0039074" startTime="2016-01-04T16:20:04.4166048-03:00" endTime="2016-01-04T16:20:04.4226052-03:00" testType="13cdc9d9-ddb5-4fa4-a97d-d965ccfc6d4b" outcome="Passed" testListId="8c84fa94-04c1-424b-9868-57a2d4851a1d" relativeResultsDirectory="d3c63ee6-a96e-41e2-bd7a-27d093878793">
    </UnitTestResult>
    <UnitTestResult executionId="c001c801-0299-460e-8bcc-5f42b11dad24" testId="60f20247-c635-4390-14c5-84b1e76ce5bc" testName="makes_a_call_to_update_the_issue_in_jira_with_defect_number" computerName="EXOI7" duration="00:00:00.0038724" startTime="2016-01-04T16:20:04.4246053-03:00" endTime="2016-01-04T16:20:04.4306056-03:00" testType="13cdc9d9-ddb5-4fa4-a97d-d965ccfc6d4b" outcome="Passed" testListId="8c84fa94-04c1-424b-9868-57a2d4851a1d" relativeResultsDirectory="c001c801-0299-460e-8bcc-5f42b11dad24">
    </UnitTestResult>
    <UnitTestResult executionId="4fcc1465-3369-471d-a7f0-ea0d30d36fe7" testId="ed4860a2-e409-ae11-af7a-4f961aad8bc7" testName="should_call_create_asset_just_one_time" computerName="EXOI7" duration="00:00:00.0033383" startTime="2016-01-04T16:20:04.4316057-03:00" endTime="2016-01-04T16:20:04.4366060-03:00" testType="13cdc9d9-ddb5-4fa4-a97d-d965ccfc6d4b" outcome="Passed" testListId="8c84fa94-04c1-424b-9868-57a2d4851a1d" relativeResultsDirectory="4fcc1465-3369-471d-a7f0-ea0d30d36fe7">
    </UnitTestResult>
    <UnitTestResult executionId="0a420a2e-42aa-4842-b36c-30ba749d8625" testId="f3afcb36-f8cc-47a1-4715-f989c2ef7a07" testName="should_give_us_a_count_of_the_defects_created" computerName="EXOI7" duration="00:00:00.0036494" startTime="2016-01-04T16:20:04.4376060-03:00" endTime="2016-01-04T16:20:04.4426063-03:00" testType="13cdc9d9-ddb5-4fa4-a97d-d965ccfc6d4b" outcome="Passed" testListId="8c84fa94-04c1-424b-9868-57a2d4851a1d" relativeResultsDirectory="0a420a2e-42aa-4842-b36c-30ba749d8625">
    </UnitTestResult>
    <UnitTestResult executionId="12124eb8-7d92-457b-95ee-3aa959da6952" testId="6498fd0a-9ca3-8746-0a62-5ff8301bfba1" testName="should_not_try_to_get_an_epic_id" computerName="EXOI7" duration="00:00:00.0032939" startTime="2016-01-04T16:20:04.4436064-03:00" endTime="2016-01-04T16:20:04.4486067-03:00" testType="13cdc9d9-ddb5-4fa4-a97d-d965ccfc6d4b" outcome="Passed" testListId="8c84fa94-04c1-424b-9868-57a2d4851a1d" relativeResultsDirectory="12124eb8-7d92-457b-95ee-3aa959da6952">
    </UnitTestResult>
    <UnitTestResult executionId="092cc584-a413-4f0f-adee-970f98ecacdf" testId="fa853800-8453-665d-e00a-6ed40aa20fc4" testName="should_refresh_the_defect_once" computerName="EXOI7" duration="00:00:00.0033140" startTime="2016-01-04T16:20:04.4496067-03:00" endTime="2016-01-04T16:20:04.4536069-03:00" testType="13cdc9d9-ddb5-4fa4-a97d-d965ccfc6d4b" outcome="Passed" testListId="8c84fa94-04c1-424b-9868-57a2d4851a1d" relativeResultsDirectory="092cc584-a413-4f0f-adee-970f98ecacdf">
    </UnitTestResult>
    <UnitTestResult executionId="edaed338-41d1-49cc-8579-d64c00d5e954" testId="33cc223e-48fb-1270-43e5-744e653b5d9e" testName="should_tell_us_about_creating_a_defect" computerName="EXOI7" duration="00:00:00.0031549" startTime="2016-01-04T16:20:04.4546070-03:00" endTime="2016-01-04T16:20:04.4596073-03:00" testType="13cdc9d9-ddb5-4fa4-a97d-d965ccfc6d4b" outcome="Passed" testListId="8c84fa94-04c1-424b-9868-57a2d4851a1d" relativeResultsDirectory="edaed338-41d1-49cc-8579-d64c00d5e954">
    </UnitTestResult>
    <UnitTestResult executionId="2a6e80a9-a147-437f-8c18-adabf6927de1" testId="0818079b-2323-75fc-d53a-8f977a147fea" testName="does_not_create_a_comment" computerName="EXOI7" duration="00:00:00.0065063" startTime="2016-01-04T16:20:04.4606073-03:00" endTime="2016-01-04T16:20:04.4686078-03:00" testType="13cdc9d9-ddb5-4fa4-a97d-d965ccfc6d4b" outcome="Passed" testListId="8c84fa94-04c1-424b-9868-57a2d4851a1d" relativeResultsDirectory="2a6e80a9-a147-437f-8c18-adabf6927de1">
    </UnitTestResult>
    <UnitTestResult executionId="62787f9a-03f0-4ff4-b8a7-2c735a3dc754" testId="c7f7202a-8b3e-78d6-c8c4-fba612765098" testName="does_not_try_to_add_weblink" computerName="EXOI7" duration="00:00:00.0044140" startTime="2016-01-04T16:20:04.4696079-03:00" endTime="2016-01-04T16:20:04.4756082-03:00" testType="13cdc9d9-ddb5-4fa4-a97d-d965ccfc6d4b" outcome="Passed" testListId="8c84fa94-04c1-424b-9868-57a2d4851a1d" relativeResultsDirectory="62787f9a-03f0-4ff4-b8a7-2c735a3dc754">
    </UnitTestResult>
    <UnitTestResult executionId="e024b1d4-bcad-40f7-9345-0d5fa05fb39e" testId="392a9b2a-a47b-e870-065b-c805c9b663bd" testName="should_call_create_story_once" computerName="EXOI7" duration="00:00:00.0039904" startTime="2016-01-04T16:20:04.4766083-03:00" endTime="2016-01-04T16:20:04.4826086-03:00" testType="13cdc9d9-ddb5-4fa4-a97d-d965ccfc6d4b" outcome="Passed" testListId="8c84fa94-04c1-424b-9868-57a2d4851a1d" relativeResultsDirectory="e024b1d4-bcad-40f7-9345-0d5fa05fb39e">
    </UnitTestResult>
    <UnitTestResult executionId="f9c5e13b-8daa-42e7-a86e-01da1ebcf0ba" testId="31fdf3c3-efce-7f82-e297-86b7f8594416" testName="should_log_an_error" computerName="EXOI7" duration="00:00:00.0030901" startTime="2016-01-04T16:20:04.4836087-03:00" endTime="2016-01-04T16:20:04.4886090-03:00" testType="13cdc9d9-ddb5-4fa4-a97d-d965ccfc6d4b" outcome="Passed" testListId="8c84fa94-04c1-424b-9868-57a2d4851a1d" relativeResultsDirectory="f9c5e13b-8daa-42e7-a86e-01da1ebcf0ba">
    </UnitTestResult>
    <UnitTestResult executionId="fb33e186-e393-4bcb-b252-28109cc9dc1a" testId="5b077f0f-ae05-a4c6-233d-5112992467fd" testName="should_not_call_refresh_info" computerName="EXOI7" duration="00:00:00.0032394" startTime="2016-01-04T16:20:04.4896090-03:00" endTime="2016-01-04T16:20:04.4946093-03:00" testType="13cdc9d9-ddb5-4fa4-a97d-d965ccfc6d4b" outcome="Passed" testListId="8c84fa94-04c1-424b-9868-57a2d4851a1d" relativeResultsDirectory="fb33e186-e393-4bcb-b252-28109cc9dc1a">
    </UnitTestResult>
    <UnitTestResult executionId="32b3518d-3f6c-4af4-9f9f-e15a95e42f24" testId="6522519e-d94e-3af0-130e-0c6a670a9d88" testName="should_not_update_the_issue" computerName="EXOI7" duration="00:00:00.0032487" startTime="2016-01-04T16:20:04.4956094-03:00" endTime="2016-01-04T16:20:04.5006096-03:00" testType="13cdc9d9-ddb5-4fa4-a97d-d965ccfc6d4b" outcome="Passed" testListId="8c84fa94-04c1-424b-9868-57a2d4851a1d" relativeResultsDirectory="32b3518d-3f6c-4af4-9f9f-e15a95e42f24">
    </UnitTestResult>
    <UnitTestResult executionId="20d787ad-d325-4f63-b56c-5c3f31083f3a" testId="86938245-09e8-90d4-202c-689ca2441c0f" testName="calls_the_GetEpicsWithoutReference_once" computerName="EXOI7" duration="00:00:00.0057156" startTime="2016-01-04T16:20:04.5006096-03:00" endTime="2016-01-04T16:20:04.5086101-03:00" testType="13cdc9d9-ddb5-4fa4-a97d-d965ccfc6d4b" outcome="Passed" testListId="8c84fa94-04c1-424b-9868-57a2d4851a1d" relativeResultsDirectory="20d787ad-d325-4f63-b56c-5c3f31083f3a">
    </UnitTestResult>
    <UnitTestResult executionId="72e3943d-d2b3-49ee-93b9-40ab0761d839" testId="8352b740-5640-aeae-5140-564f66adf679" testName="do_not_call_the_jira_api" computerName="EXOI7" duration="00:00:00.0040217" startTime="2016-01-04T16:20:04.5096102-03:00" endTime="2016-01-04T16:20:04.5156105-03:00" testType="13cdc9d9-ddb5-4fa4-a97d-d965ccfc6d4b" outcome="Passed" testListId="8c84fa94-04c1-424b-9868-57a2d4851a1d" relativeResultsDirectory="72e3943d-d2b3-49ee-93b9-40ab0761d839">
    </UnitTestResult>
    <UnitTestResult executionId="45818720-9ff7-4407-aedd-b72dce4ca996" testId="d54a1807-4698-b371-5189-75f1e0a838bc" testName="does_not_try_to_create_a_link_on_v1_epic" computerName="EXOI7" duration="00:00:00.0045554" startTime="2016-01-04T16:20:04.5166106-03:00" endTime="2016-01-04T16:20:04.5226109-03:00" testType="13cdc9d9-ddb5-4fa4-a97d-d965ccfc6d4b" outcome="Passed" testListId="8c84fa94-04c1-424b-9868-57a2d4851a1d" relativeResultsDirectory="45818720-9ff7-4407-aedd-b72dce4ca996">
    </UnitTestResult>
    <UnitTestResult executionId="3b3ad9e3-67de-43d5-a6ca-8e12f8fd7645" testId="e449a90a-1c83-26f7-0d19-cb247779b8f5" testName="defect_should_have_a_name_of_defect_template" computerName="EXOI7" duration="00:00:00.0052696" startTime="2016-01-04T16:20:04.5246110-03:00" endTime="2016-01-04T16:20:04.5326115-03:00" testType="13cdc9d9-ddb5-4fa4-a97d-d965ccfc6d4b" outcome="Passed" testListId="8c84fa94-04c1-424b-9868-57a2d4851a1d" relativeResultsDirectory="3b3ad9e3-67de-43d5-a6ca-8e12f8fd7645">
    </UnitTestResult>
    <UnitTestResult executionId="540d69cd-6fe6-4f39-9557-f770fb5aa23d" testId="ef9475ff-6e83-fa16-2b4c-681d794af6b5" testName="defect_should_have_a_priority_of_139" computerName="EXOI7" duration="00:00:00.0002785" startTime="2016-01-04T16:20:04.5336115-03:00" endTime="2016-01-04T16:20:04.5356116-03:00" testType="13cdc9d9-ddb5-4fa4-a97d-d965ccfc6d4b" outcome="Passed" testListId="8c84fa94-04c1-424b-9868-57a2d4851a1d" relativeResultsDirectory="540d69cd-6fe6-4f39-9557-f770fb5aa23d">
    </UnitTestResult>
    <UnitTestResult executionId="eb3c12ce-b4ae-4777-a68d-f0c6916297fa" testId="3286c3c2-c4d2-ccb7-ca52-b36d4fac06fd" testName="defect_should_have_two_owners" computerName="EXOI7" duration="00:00:00.0003004" startTime="2016-01-04T16:20:04.5356116-03:00" endTime="2016-01-04T16:20:04.5376118-03:00" testType="13cdc9d9-ddb5-4fa4-a97d-d965ccfc6d4b" outcome="Passed" testListId="8c84fa94-04c1-424b-9868-57a2d4851a1d" relativeResultsDirectory="eb3c12ce-b4ae-4777-a68d-f0c6916297fa">
    </UnitTestResult>
    <UnitTestResult executionId="97a2a327-96a9-41ec-a1ac-dd204e564ddf" testId="1257cc2f-f8b3-8f0c-13ef-bf8becdc06ab" testName="defects_first_owner_should_be_Member20" computerName="EXOI7" duration="00:00:00.0003312" startTime="2016-01-04T16:20:04.5386118-03:00" endTime="2016-01-04T16:20:04.5406119-03:00" testType="13cdc9d9-ddb5-4fa4-a97d-d965ccfc6d4b" outcome="Passed" testListId="8c84fa94-04c1-424b-9868-57a2d4851a1d" relativeResultsDirectory="97a2a327-96a9-41ec-a1ac-dd204e564ddf">
    </UnitTestResult>
    <UnitTestResult executionId="5641e695-5a62-4e51-9efb-6e51d6c0efb9" testId="ca77d984-8841-dff4-976c-727ba30c6fc1" testName="defects_second_owner_should_be_Member1000" computerName="EXOI7" duration="00:00:00.0003372" startTime="2016-01-04T16:20:04.5406119-03:00" endTime="2016-01-04T16:20:04.5426120-03:00" testType="13cdc9d9-ddb5-4fa4-a97d-d965ccfc6d4b" outcome="Passed" testListId="8c84fa94-04c1-424b-9868-57a2d4851a1d" relativeResultsDirectory="5641e695-5a62-4e51-9efb-6e51d6c0efb9">
    </UnitTestResult>
    <UnitTestResult executionId="15cdb893-7ec3-4714-acad-22b35cfdf495" testId="c3594d42-67f9-aba1-88fb-b7166475a1f7" testName="basic_attribute_setter_builds_out_an_asset_payload" computerName="EXOI7" duration="00:00:00.0003890" startTime="2016-01-04T16:20:04.5436121-03:00" endTime="2016-01-04T16:20:04.5456122-03:00" testType="13cdc9d9-ddb5-4fa4-a97d-d965ccfc6d4b" outcome="Passed" testListId="8c84fa94-04c1-424b-9868-57a2d4851a1d" relativeResultsDirectory="15cdb893-7ec3-4714-acad-22b35cfdf495">
    </UnitTestResult>
    <UnitTestResult executionId="9ee95160-9d30-4aad-a92b-0881cb30f3fc" testId="fcc9c09e-704c-c09a-9c0e-a16513b6d82b" testName="basic_attribute_setter_skips_an_empty_value" computerName="EXOI7" duration="00:00:00.0003480" startTime="2016-01-04T16:20:04.5466123-03:00" endTime="2016-01-04T16:20:04.5486124-03:00" testType="13cdc9d9-ddb5-4fa4-a97d-d965ccfc6d4b" outcome="Passed" testListId="8c84fa94-04c1-424b-9868-57a2d4851a1d" relativeResultsDirectory="9ee95160-9d30-4aad-a92b-0881cb30f3fc">
    </UnitTestResult>
    <UnitTestResult executionId="dc02695f-8621-457e-b588-b60c30f2acd5" testId="b1940fb9-b21b-8e69-b650-19ad5a532e31" testName="nullable_attribute_setter_builds_out_an_asset_payload" computerName="EXOI7" duration="00:00:00.0003676" startTime="2016-01-04T16:20:04.5496124-03:00" endTime="2016-01-04T16:20:04.5516126-03:00" testType="13cdc9d9-ddb5-4fa4-a97d-d965ccfc6d4b" outcome="Passed" testListId="8c84fa94-04c1-424b-9868-57a2d4851a1d" relativeResultsDirectory="dc02695f-8621-457e-b588-b60c30f2acd5">
    </UnitTestResult>
    <UnitTestResult executionId="23b266be-4d25-4016-8a0d-eaa5f4c7fa97" testId="b65994f9-ce5f-0458-72b6-e2f9d51bd967" testName="nullable_attribute_setter_creates_an_empty_node" computerName="EXOI7" duration="00:00:00.0003344" startTime="2016-01-04T16:20:04.5516126-03:00" endTime="2016-01-04T16:20:04.5536127-03:00" testType="13cdc9d9-ddb5-4fa4-a97d-d965ccfc6d4b" outcome="Passed" testListId="8c84fa94-04c1-424b-9868-57a2d4851a1d" relativeResultsDirectory="23b266be-4d25-4016-8a0d-eaa5f4c7fa97">
    </UnitTestResult>
    <UnitTestResult executionId="c4569bd6-2118-42d5-bdaa-de4cdc85f732" testId="04e1b9c2-ce6b-8253-517d-dbf5f9e910b4" testName="relation_attribute_setter_builds_out_an_asset_payload" computerName="EXOI7" duration="00:00:00.0003652" startTime="2016-01-04T16:20:04.5546127-03:00" endTime="2016-01-04T16:20:04.5566128-03:00" testType="13cdc9d9-ddb5-4fa4-a97d-d965ccfc6d4b" outcome="Passed" testListId="8c84fa94-04c1-424b-9868-57a2d4851a1d" relativeResultsDirectory="c4569bd6-2118-42d5-bdaa-de4cdc85f732">
    </UnitTestResult>
    <UnitTestResult executionId="e4444735-0a76-4ac3-9469-24998a91be7d" testId="bc6c6198-6770-0585-c2d7-18985ec5fbfb" testName="relation_attribute_setter_skips_an_empty_value" computerName="EXOI7" duration="00:00:00.0003508" startTime="2016-01-04T16:20:04.5576129-03:00" endTime="2016-01-04T16:20:04.5596130-03:00" testType="13cdc9d9-ddb5-4fa4-a97d-d965ccfc6d4b" outcome="Passed" testListId="8c84fa94-04c1-424b-9868-57a2d4851a1d" relativeResultsDirectory="e4444735-0a76-4ac3-9469-24998a91be7d">
    </UnitTestResult>
  </Results>
</TestRun>